Taking exception 11 [Hypervisor Call] on CPU 0
...from EL1 to EL2
...with ESR 0x16/0x5a000000
...handled as PSCI call
Taking exception 11 [Hypervisor Call] on CPU 0
...from EL1 to EL2
...with ESR 0x16/0x5a000000
...handled as PSCI call
Taking exception 5 [IRQ] on CPU 0
...from EL1 to EL1
...with ESR 0x0/0x3810000
...with SPSR 0x20000305
...with ELR 0xbf2982c0
...to EL1 PC 0xbf800280 PSTATE 0x3c5
Exception return from AArch64 EL1 to AArch64 EL1 PC 0xbf2982c0
Taking exception 5 [IRQ] on CPU 0
...from EL1 to EL1
...with ESR 0x0/0x3c18000
...with SPSR 0x80000305
...with ELR 0x47956d0c
...to EL1 PC 0xbf800280 PSTATE 0x3c5
Exception return from AArch64 EL1 to AArch64 EL1 PC 0x47956d0c
Taking exception 5 [IRQ] on CPU 0
...from EL1 to EL1
...with ESR 0x0/0x3c18000
...with SPSR 0xa0000305
...with ELR 0x47954000
...to EL1 PC 0xbf800280 PSTATE 0x3c5
Exception return from AArch64 EL1 to AArch64 EL1 PC 0x47954000
Taking exception 5 [IRQ] on CPU 0
...from EL1 to EL1
...with ESR 0x0/0x3810000
...with SPSR 0x60000305
...with ELR 0xbf251984
...to EL1 PC 0xbf800280 PSTATE 0x3c5
Exception return from AArch64 EL1 to AArch64 EL1 PC 0xbf251984
Taking exception 5 [IRQ] on CPU 0
...from EL1 to EL1
...with ESR 0x0/0x3410000
...with SPSR 0x80000305
...with ELR 0xbf7ff69c
...to EL1 PC 0xbf800280 PSTATE 0x3c5
Exception return from AArch64 EL1 to AArch64 EL1 PC 0xbf7ff69c
Taking exception 5 [IRQ] on CPU 0
...from EL1 to EL1
...with ESR 0x0/0x3c18000
...with SPSR 0xa0000305
...with ELR 0xbeffec58
...to EL1 PC 0xbf800280 PSTATE 0x3c5
Exception return from AArch64 EL1 to AArch64 EL1 PC 0xbeffec58
Taking exception 5 [IRQ] on CPU 0
...from EL1 to EL1
...with ESR 0x0/0x3c18000
...with SPSR 0x60000305
...with ELR 0xbf252e34
...to EL1 PC 0xbf800280 PSTATE 0x3c5
Exception return from AArch64 EL1 to AArch64 EL1 PC 0xbf252e34
Taking exception 5 [IRQ] on CPU 0
...from EL1 to EL1
...with ESR 0x0/0x3010000
...with SPSR 0x80000305
...with ELR 0xbf080508
...to EL1 PC 0xbf800280 PSTATE 0x3c5
Exception return from AArch64 EL1 to AArch64 EL1 PC 0xbf080508
Taking exception 5 [IRQ] on CPU 0
...from EL1 to EL1
...with ESR 0x0/0x3800000
...with SPSR 0x20000305
...with ELR 0xbf7f2b74
...to EL1 PC 0xbf800280 PSTATE 0x3c5
Exception return from AArch64 EL1 to AArch64 EL1 PC 0xbf7f2b74
Taking exception 5 [IRQ] on CPU 0
...from EL1 to EL1
...with ESR 0x0/0x3410000
...with SPSR 0x60000305
...with ELR 0xbefdcd0c
...to EL1 PC 0xbf800280 PSTATE 0x3c5
Exception return from AArch64 EL1 to AArch64 EL1 PC 0xbefdcd0c
Taking exception 5 [IRQ] on CPU 0
...from EL1 to EL1
...with ESR 0x0/0x3810000
...with SPSR 0x80000305
...with ELR 0xbf80b124
...to EL1 PC 0xbf800280 PSTATE 0x3c5
Exception return from AArch64 EL1 to AArch64 EL1 PC 0xbf80b124
Taking exception 5 [IRQ] on CPU 0
...from EL1 to EL1
...with ESR 0x0/0x3810000
...with SPSR 0x80000305
...with ELR 0xbf80b124
...to EL1 PC 0xbf800280 PSTATE 0x3c5
Exception return from AArch64 EL1 to AArch64 EL1 PC 0xbf80b124
Taking exception 5 [IRQ] on CPU 0
...from EL1 to EL1
...with ESR 0x0/0x3800000
...with SPSR 0x80000305
...with ELR 0xbf80b124
...to EL1 PC 0xbf800280 PSTATE 0x3c5
Exception return from AArch64 EL1 to AArch64 EL1 PC 0xbf80b124
Taking exception 5 [IRQ] on CPU 0
...from EL1 to EL1
...with ESR 0x0/0x3810000
...with SPSR 0x80000305
...with ELR 0xbf80b124
...to EL1 PC 0xbf800280 PSTATE 0x3c5
Exception return from AArch64 EL1 to AArch64 EL1 PC 0xbf80b124
Taking exception 5 [IRQ] on CPU 0
...from EL1 to EL1
...with ESR 0x0/0x3800000
...with SPSR 0x80000305
...with ELR 0xbf80b124
...to EL1 PC 0xbf800280 PSTATE 0x3c5
Exception return from AArch64 EL1 to AArch64 EL1 PC 0xbf80b124
Taking exception 5 [IRQ] on CPU 0
...from EL1 to EL1
...with ESR 0x0/0x3810000
...with SPSR 0x80000305
...with ELR 0xbf80b124
...to EL1 PC 0xbf800280 PSTATE 0x3c5
Exception return from AArch64 EL1 to AArch64 EL1 PC 0xbf80b124
Taking exception 5 [IRQ] on CPU 0
...from EL1 to EL1
...with ESR 0x0/0x3800000
...with SPSR 0x80000305
...with ELR 0xbf80b124
...to EL1 PC 0xbf800280 PSTATE 0x3c5
Exception return from AArch64 EL1 to AArch64 EL1 PC 0xbf80b124
Taking exception 5 [IRQ] on CPU 0
...from EL1 to EL1
...with ESR 0x0/0x3810000
...with SPSR 0x80000305
...with ELR 0xbf80b124
...to EL1 PC 0xbf800280 PSTATE 0x3c5
Exception return from AArch64 EL1 to AArch64 EL1 PC 0xbf80b124
Taking exception 5 [IRQ] on CPU 0
...from EL1 to EL1
...with ESR 0x0/0x3800000
...with SPSR 0x80000305
...with ELR 0xbf80b124
...to EL1 PC 0xbf800280 PSTATE 0x3c5
Exception return from AArch64 EL1 to AArch64 EL1 PC 0xbf80b124
Taking exception 5 [IRQ] on CPU 0
...from EL1 to EL1
...with ESR 0x0/0x3810000
...with SPSR 0x80000305
...with ELR 0xbf80b124
...to EL1 PC 0xbf800280 PSTATE 0x3c5
Exception return from AArch64 EL1 to AArch64 EL1 PC 0xbf80b124
Taking exception 5 [IRQ] on CPU 0
...from EL1 to EL1
...with ESR 0x0/0x3800000
...with SPSR 0x80000305
...with ELR 0xbf80b124
...to EL1 PC 0xbf800280 PSTATE 0x3c5
Exception return from AArch64 EL1 to AArch64 EL1 PC 0xbf80b124
Taking exception 5 [IRQ] on CPU 0
...from EL1 to EL1
...with ESR 0x0/0x3810000
...with SPSR 0x80000305
...with ELR 0xbf80b124
...to EL1 PC 0xbf800280 PSTATE 0x3c5
Exception return from AArch64 EL1 to AArch64 EL1 PC 0xbf80b124
Taking exception 5 [IRQ] on CPU 0
...from EL1 to EL1
...with ESR 0x0/0x3800000
...with SPSR 0x80000305
...with ELR 0xbf80b124
...to EL1 PC 0xbf800280 PSTATE 0x3c5
Exception return from AArch64 EL1 to AArch64 EL1 PC 0xbf80b124
Taking exception 5 [IRQ] on CPU 0
...from EL1 to EL1
...with ESR 0x0/0x3810000
...with SPSR 0x80000305
...with ELR 0xbf80b124
...to EL1 PC 0xbf800280 PSTATE 0x3c5
Exception return from AArch64 EL1 to AArch64 EL1 PC 0xbf80b124
Taking exception 5 [IRQ] on CPU 0
...from EL1 to EL1
...with ESR 0x0/0x3800000
...with SPSR 0x80000305
...with ELR 0xbf80b124
...to EL1 PC 0xbf800280 PSTATE 0x3c5
Exception return from AArch64 EL1 to AArch64 EL1 PC 0xbf80b124
Taking exception 5 [IRQ] on CPU 0
...from EL1 to EL1
...with ESR 0x0/0x3800000
...with SPSR 0x80000305
...with ELR 0xbf80b124
...to EL1 PC 0xbf800280 PSTATE 0x3c5
Exception return from AArch64 EL1 to AArch64 EL1 PC 0xbf80b124
Taking exception 5 [IRQ] on CPU 0
...from EL1 to EL1
...with ESR 0x0/0x3800000
...with SPSR 0x80000305
...with ELR 0xbf80b124
...to EL1 PC 0xbf800280 PSTATE 0x3c5
Exception return from AArch64 EL1 to AArch64 EL1 PC 0xbf80b124
Taking exception 5 [IRQ] on CPU 0
...from EL1 to EL1
...with ESR 0x0/0x3810000
...with SPSR 0x80000305
...with ELR 0xbf80b124
...to EL1 PC 0xbf800280 PSTATE 0x3c5
Exception return from AArch64 EL1 to AArch64 EL1 PC 0xbf80b124
Taking exception 5 [IRQ] on CPU 0
...from EL1 to EL1
...with ESR 0x0/0x3800000
...with SPSR 0x80000305
...with ELR 0xbf80b124
...to EL1 PC 0xbf800280 PSTATE 0x3c5
Exception return from AArch64 EL1 to AArch64 EL1 PC 0xbf80b124
Taking exception 5 [IRQ] on CPU 0
...from EL1 to EL1
...with ESR 0x0/0x3810000
...with SPSR 0x80000305
...with ELR 0xbf80b124
...to EL1 PC 0xbf800280 PSTATE 0x3c5
Exception return from AArch64 EL1 to AArch64 EL1 PC 0xbf80b124
Taking exception 5 [IRQ] on CPU 0
...from EL1 to EL1
...with ESR 0x0/0x3800000
...with SPSR 0x80000305
...with ELR 0xbf80b124
...to EL1 PC 0xbf800280 PSTATE 0x3c5
Exception return from AArch64 EL1 to AArch64 EL1 PC 0xbf80b124
Taking exception 5 [IRQ] on CPU 0
...from EL1 to EL1
...with ESR 0x0/0x3800000
...with SPSR 0x80000305
...with ELR 0xbf80b124
...to EL1 PC 0xbf800280 PSTATE 0x3c5
Exception return from AArch64 EL1 to AArch64 EL1 PC 0xbf80b124
Taking exception 5 [IRQ] on CPU 0
...from EL1 to EL1
...with ESR 0x0/0x3800000
...with SPSR 0x80000305
...with ELR 0xbf80b124
...to EL1 PC 0xbf800280 PSTATE 0x3c5
Exception return from AArch64 EL1 to AArch64 EL1 PC 0xbf80b124
Taking exception 5 [IRQ] on CPU 0
...from EL1 to EL1
...with ESR 0x0/0x3800000
...with SPSR 0x80000305
...with ELR 0xbf80b124
...to EL1 PC 0xbf800280 PSTATE 0x3c5
Exception return from AArch64 EL1 to AArch64 EL1 PC 0xbf80b124
Taking exception 5 [IRQ] on CPU 0
...from EL1 to EL1
...with ESR 0x0/0x3800000
...with SPSR 0x80000305
...with ELR 0xbf80b124
...to EL1 PC 0xbf800280 PSTATE 0x3c5
Exception return from AArch64 EL1 to AArch64 EL1 PC 0xbf80b124
Taking exception 5 [IRQ] on CPU 0
...from EL1 to EL1
...with ESR 0x0/0x3800000
...with SPSR 0x80000305
...with ELR 0xbf80b124
...to EL1 PC 0xbf800280 PSTATE 0x3c5
Exception return from AArch64 EL1 to AArch64 EL1 PC 0xbf80b124
Taking exception 5 [IRQ] on CPU 0
...from EL1 to EL1
...with ESR 0x0/0x3800000
...with SPSR 0x80000305
...with ELR 0xbf80b124
...to EL1 PC 0xbf800280 PSTATE 0x3c5
Exception return from AArch64 EL1 to AArch64 EL1 PC 0xbf80b124
Taking exception 5 [IRQ] on CPU 0
...from EL1 to EL1
...with ESR 0x0/0x3800000
...with SPSR 0x80000305
...with ELR 0xbf80b124
...to EL1 PC 0xbf800280 PSTATE 0x3c5
Exception return from AArch64 EL1 to AArch64 EL1 PC 0xbf80b124
Taking exception 5 [IRQ] on CPU 0
...from EL1 to EL1
...with ESR 0x0/0x3800000
...with SPSR 0x80000305
...with ELR 0xbf80b124
...to EL1 PC 0xbf800280 PSTATE 0x3c5
Exception return from AArch64 EL1 to AArch64 EL1 PC 0xbf80b124
Taking exception 5 [IRQ] on CPU 0
...from EL1 to EL1
...with ESR 0x0/0x3800000
...with SPSR 0x80000305
...with ELR 0xbf80b124
...to EL1 PC 0xbf800280 PSTATE 0x3c5
Exception return from AArch64 EL1 to AArch64 EL1 PC 0xbf80b124
Taking exception 5 [IRQ] on CPU 0
...from EL1 to EL1
...with ESR 0x0/0x3800000
...with SPSR 0x80000305
...with ELR 0xbf80b124
...to EL1 PC 0xbf800280 PSTATE 0x3c5
Exception return from AArch64 EL1 to AArch64 EL1 PC 0xbf80b124
Taking exception 5 [IRQ] on CPU 0
...from EL1 to EL1
...with ESR 0x0/0x3800000
...with SPSR 0x80000305
...with ELR 0xbf80b124
...to EL1 PC 0xbf800280 PSTATE 0x3c5
Exception return from AArch64 EL1 to AArch64 EL1 PC 0xbf80b124
Taking exception 5 [IRQ] on CPU 0
...from EL1 to EL1
...with ESR 0x0/0x3800000
...with SPSR 0x80000305
...with ELR 0xbf80b124
...to EL1 PC 0xbf800280 PSTATE 0x3c5
Exception return from AArch64 EL1 to AArch64 EL1 PC 0xbf80b124
Taking exception 5 [IRQ] on CPU 0
...from EL1 to EL1
...with ESR 0x0/0x3800000
...with SPSR 0x80000305
...with ELR 0xbf80b124
...to EL1 PC 0xbf800280 PSTATE 0x3c5
Exception return from AArch64 EL1 to AArch64 EL1 PC 0xbf80b124
Taking exception 5 [IRQ] on CPU 0
...from EL1 to EL1
...with ESR 0x0/0x3800000
...with SPSR 0x80000305
...with ELR 0xbf80b124
...to EL1 PC 0xbf800280 PSTATE 0x3c5
Exception return from AArch64 EL1 to AArch64 EL1 PC 0xbf80b124
Taking exception 5 [IRQ] on CPU 0
...from EL1 to EL1
...with ESR 0x0/0x3800000
...with SPSR 0x80000305
...with ELR 0xbf80b124
...to EL1 PC 0xbf800280 PSTATE 0x3c5
Exception return from AArch64 EL1 to AArch64 EL1 PC 0xbf80b124
Taking exception 5 [IRQ] on CPU 0
...from EL1 to EL1
...with ESR 0x0/0x3810000
...with SPSR 0x80000305
...with ELR 0xbf80b124
...to EL1 PC 0xbf800280 PSTATE 0x3c5
Exception return from AArch64 EL1 to AArch64 EL1 PC 0xbf80b124
Taking exception 5 [IRQ] on CPU 0
...from EL1 to EL1
...with ESR 0x0/0x3000000
...with SPSR 0x80000305
...with ELR 0xbf7ff69c
...to EL1 PC 0xbf800280 PSTATE 0x3c5
Exception return from AArch64 EL1 to AArch64 EL1 PC 0xbf7ff69c
Taking exception 5 [IRQ] on CPU 0
...from EL1 to EL1
...with ESR 0x0/0x3800000
...with SPSR 0x60000305
...with ELR 0xbf199a5c
...to EL1 PC 0xbf800280 PSTATE 0x3c5
Exception return from AArch64 EL1 to AArch64 EL1 PC 0xbf199a5c
Taking exception 5 [IRQ] on CPU 0
...from EL1 to EL1
...with ESR 0x0/0x3410000
...with SPSR 0x60000305
...with ELR 0x47955314
...to EL1 PC 0xbf800280 PSTATE 0x3c5
Exception return from AArch64 EL1 to AArch64 EL1 PC 0x47955314
Taking exception 5 [IRQ] on CPU 0
...from EL1 to EL1
...with ESR 0x0/0x3810000
...with SPSR 0x80000305
...with ELR 0xbf7ff69c
...to EL1 PC 0xbf800280 PSTATE 0x3c5
Exception return from AArch64 EL1 to AArch64 EL1 PC 0xbf7ff69c
Taking exception 5 [IRQ] on CPU 0
...from EL1 to EL1
...with ESR 0x0/0x3410000
...with SPSR 0x80000305
...with ELR 0xbf80b124
...to EL1 PC 0xbf800280 PSTATE 0x3c5
Exception return from AArch64 EL1 to AArch64 EL1 PC 0xbf80b124
Taking exception 5 [IRQ] on CPU 0
...from EL1 to EL1
...with ESR 0x0/0x3010000
...with SPSR 0x20000305
...with ELR 0xbecf1ab8
...to EL1 PC 0xbf800280 PSTATE 0x3c5
Exception return from AArch64 EL1 to AArch64 EL1 PC 0xbecf1ab8
Taking exception 5 [IRQ] on CPU 0
...from EL1 to EL1
...with ESR 0x0/0x3800000
...with SPSR 0x20000305
...with ELR 0xbecf1ab8
...to EL1 PC 0xbf800280 PSTATE 0x3c5
Exception return from AArch64 EL1 to AArch64 EL1 PC 0xbecf1ab8
Taking exception 5 [IRQ] on CPU 0
...from EL1 to EL1
...with ESR 0x0/0x3800000
...with SPSR 0x20000305
...with ELR 0xbecf1ab8
...to EL1 PC 0xbf800280 PSTATE 0x3c5
Exception return from AArch64 EL1 to AArch64 EL1 PC 0xbecf1ab8
Taking exception 5 [IRQ] on CPU 0
...from EL1 to EL1
...with ESR 0x0/0x3800000
...with SPSR 0x20000305
...with ELR 0xbecf1ab8
...to EL1 PC 0xbf800280 PSTATE 0x3c5
Exception return from AArch64 EL1 to AArch64 EL1 PC 0xbecf1ab8
Taking exception 5 [IRQ] on CPU 0
...from EL1 to EL1
...with ESR 0x0/0x3800000
...with SPSR 0x20000305
...with ELR 0xbecf1ab8
...to EL1 PC 0xbf800280 PSTATE 0x3c5
Exception return from AArch64 EL1 to AArch64 EL1 PC 0xbecf1ab8
Taking exception 5 [IRQ] on CPU 0
...from EL1 to EL1
...with ESR 0x0/0x3800000
...with SPSR 0x20000305
...with ELR 0xbecf1ab8
...to EL1 PC 0xbf800280 PSTATE 0x3c5
Exception return from AArch64 EL1 to AArch64 EL1 PC 0xbecf1ab8
Taking exception 5 [IRQ] on CPU 0
...from EL1 to EL1
...with ESR 0x0/0x3800000
...with SPSR 0x20000305
...with ELR 0xbecf1ab8
...to EL1 PC 0xbf800280 PSTATE 0x3c5
Exception return from AArch64 EL1 to AArch64 EL1 PC 0xbecf1ab8
Taking exception 5 [IRQ] on CPU 0
...from EL1 to EL1
...with ESR 0x0/0x3800000
...with SPSR 0x20000305
...with ELR 0xbecf1ab8
...to EL1 PC 0xbf800280 PSTATE 0x3c5
Exception return from AArch64 EL1 to AArch64 EL1 PC 0xbecf1ab8
Taking exception 5 [IRQ] on CPU 0
...from EL1 to EL1
...with ESR 0x0/0x3410000
...with SPSR 0x80000305
...with ELR 0xbf80b124
...to EL1 PC 0xbf800280 PSTATE 0x3c5
Exception return from AArch64 EL1 to AArch64 EL1 PC 0xbf80b124
Taking exception 5 [IRQ] on CPU 0
...from EL1 to EL1
...with ESR 0x0/0x3410000
...with SPSR 0x60000305
...with ELR 0xbed0fe40
...to EL1 PC 0xbf800280 PSTATE 0x3c5
Exception return from AArch64 EL1 to AArch64 EL1 PC 0xbed0fe40
Taking exception 5 [IRQ] on CPU 0
...from EL1 to EL1
...with ESR 0x0/0x3800000
...with SPSR 0x80000305
...with ELR 0xbed10d44
...to EL1 PC 0xbf800280 PSTATE 0x3c5
Exception return from AArch64 EL1 to AArch64 EL1 PC 0xbed10d44
Taking exception 5 [IRQ] on CPU 0
...from EL1 to EL1
...with ESR 0x0/0x3800000
...with SPSR 0x60000305
...with ELR 0xbf7ffa04
...to EL1 PC 0xbf800280 PSTATE 0x3c5
Exception return from AArch64 EL1 to AArch64 EL1 PC 0xbf7ffa04
Taking exception 5 [IRQ] on CPU 0
...from EL1 to EL1
...with ESR 0x0/0x3800000
...with SPSR 0x60000305
...with ELR 0xbf7ffa04
...to EL1 PC 0xbf800280 PSTATE 0x3c5
Exception return from AArch64 EL1 to AArch64 EL1 PC 0xbf7ffa04
Taking exception 5 [IRQ] on CPU 0
...from EL1 to EL1
...with ESR 0x0/0x3800000
...with SPSR 0x60000305
...with ELR 0xbf7ffa04
...to EL1 PC 0xbf800280 PSTATE 0x3c5
Exception return from AArch64 EL1 to AArch64 EL1 PC 0xbf7ffa04
Taking exception 5 [IRQ] on CPU 0
...from EL1 to EL1
...with ESR 0x0/0x3800000
...with SPSR 0x60000305
...with ELR 0xbf7ffa04
...to EL1 PC 0xbf800280 PSTATE 0x3c5
Exception return from AArch64 EL1 to AArch64 EL1 PC 0xbf7ffa04
Taking exception 5 [IRQ] on CPU 0
...from EL1 to EL1
...with ESR 0x0/0x3800000
...with SPSR 0x60000305
...with ELR 0xbf7ffa04
...to EL1 PC 0xbf800280 PSTATE 0x3c5
Exception return from AArch64 EL1 to AArch64 EL1 PC 0xbf7ffa04
Taking exception 5 [IRQ] on CPU 0
...from EL1 to EL1
...with ESR 0x0/0x3800000
...with SPSR 0x60000305
...with ELR 0xbf7ffa04
...to EL1 PC 0xbf800280 PSTATE 0x3c5
Exception return from AArch64 EL1 to AArch64 EL1 PC 0xbf7ffa04
Taking exception 5 [IRQ] on CPU 0
...from EL1 to EL1
...with ESR 0x0/0x3800000
...with SPSR 0x60000305
...with ELR 0xbf7ffa04
...to EL1 PC 0xbf800280 PSTATE 0x3c5
Exception return from AArch64 EL1 to AArch64 EL1 PC 0xbf7ffa04
Taking exception 5 [IRQ] on CPU 0
...from EL1 to EL1
...with ESR 0x0/0x3800000
...with SPSR 0x60000305
...with ELR 0xbf7ffa04
...to EL1 PC 0xbf800280 PSTATE 0x3c5
Exception return from AArch64 EL1 to AArch64 EL1 PC 0xbf7ffa04
Taking exception 5 [IRQ] on CPU 0
...from EL1 to EL1
...with ESR 0x0/0x3800000
...with SPSR 0x60000305
...with ELR 0xbf7ffa04
...to EL1 PC 0xbf800280 PSTATE 0x3c5
Exception return from AArch64 EL1 to AArch64 EL1 PC 0xbf7ffa04
Taking exception 5 [IRQ] on CPU 0
...from EL1 to EL1
...with ESR 0x0/0x3800000
...with SPSR 0x60000305
...with ELR 0xbf7ffa04
...to EL1 PC 0xbf800280 PSTATE 0x3c5
Exception return from AArch64 EL1 to AArch64 EL1 PC 0xbf7ffa04
Taking exception 5 [IRQ] on CPU 0
...from EL1 to EL1
...with ESR 0x0/0x3800000
...with SPSR 0x60000305
...with ELR 0xbf7ffa04
...to EL1 PC 0xbf800280 PSTATE 0x3c5
Exception return from AArch64 EL1 to AArch64 EL1 PC 0xbf7ffa04
Taking exception 5 [IRQ] on CPU 0
...from EL1 to EL1
...with ESR 0x0/0x3800000
...with SPSR 0x60000305
...with ELR 0xbf7ffa04
...to EL1 PC 0xbf800280 PSTATE 0x3c5
Exception return from AArch64 EL1 to AArch64 EL1 PC 0xbf7ffa04
Taking exception 5 [IRQ] on CPU 0
...from EL1 to EL1
...with ESR 0x0/0x3800000
...with SPSR 0x60000305
...with ELR 0xbf7ffa04
...to EL1 PC 0xbf800280 PSTATE 0x3c5
Exception return from AArch64 EL1 to AArch64 EL1 PC 0xbf7ffa04
Taking exception 5 [IRQ] on CPU 0
...from EL1 to EL1
...with ESR 0x0/0x3800000
...with SPSR 0x60000305
...with ELR 0xbf7ffa04
...to EL1 PC 0xbf800280 PSTATE 0x3c5
Exception return from AArch64 EL1 to AArch64 EL1 PC 0xbf7ffa04
Taking exception 5 [IRQ] on CPU 0
...from EL1 to EL1
...with ESR 0x0/0x3800000
...with SPSR 0x60000305
...with ELR 0xbf7ffa04
...to EL1 PC 0xbf800280 PSTATE 0x3c5
Exception return from AArch64 EL1 to AArch64 EL1 PC 0xbf7ffa04
Taking exception 5 [IRQ] on CPU 0
...from EL1 to EL1
...with ESR 0x0/0x3800000
...with SPSR 0x60000305
...with ELR 0xbf7ffa04
...to EL1 PC 0xbf800280 PSTATE 0x3c5
Exception return from AArch64 EL1 to AArch64 EL1 PC 0xbf7ffa04
Taking exception 5 [IRQ] on CPU 0
...from EL1 to EL1
...with ESR 0x0/0x3800000
...with SPSR 0x60000305
...with ELR 0xbf7ffa04
...to EL1 PC 0xbf800280 PSTATE 0x3c5
Exception return from AArch64 EL1 to AArch64 EL1 PC 0xbf7ffa04
Taking exception 5 [IRQ] on CPU 0
...from EL1 to EL1
...with ESR 0x0/0x3800000
...with SPSR 0x60000305
...with ELR 0xbf7ffa04
...to EL1 PC 0xbf800280 PSTATE 0x3c5
Exception return from AArch64 EL1 to AArch64 EL1 PC 0xbf7ffa04
Taking exception 5 [IRQ] on CPU 0
...from EL1 to EL1
...with ESR 0x0/0x3800000
...with SPSR 0x60000305
...with ELR 0xbf7ffa04
...to EL1 PC 0xbf800280 PSTATE 0x3c5
Exception return from AArch64 EL1 to AArch64 EL1 PC 0xbf7ffa04
Taking exception 5 [IRQ] on CPU 0
...from EL1 to EL1
...with ESR 0x0/0x3800000
...with SPSR 0x60000305
...with ELR 0xbf7ffa04
...to EL1 PC 0xbf800280 PSTATE 0x3c5
Exception return from AArch64 EL1 to AArch64 EL1 PC 0xbf7ffa04
Taking exception 5 [IRQ] on CPU 0
...from EL1 to EL1
...with ESR 0x0/0x3800000
...with SPSR 0x60000305
...with ELR 0xbf7ffa04
...to EL1 PC 0xbf800280 PSTATE 0x3c5
Exception return from AArch64 EL1 to AArch64 EL1 PC 0xbf7ffa04
Taking exception 5 [IRQ] on CPU 0
...from EL1 to EL1
...with ESR 0x0/0x3800000
...with SPSR 0x60000305
...with ELR 0xbf7ffa04
...to EL1 PC 0xbf800280 PSTATE 0x3c5
Exception return from AArch64 EL1 to AArch64 EL1 PC 0xbf7ffa04
Taking exception 5 [IRQ] on CPU 0
...from EL1 to EL1
...with ESR 0x0/0x3800000
...with SPSR 0x60000305
...with ELR 0xbf7ffa04
...to EL1 PC 0xbf800280 PSTATE 0x3c5
Exception return from AArch64 EL1 to AArch64 EL1 PC 0xbf7ffa04
Taking exception 5 [IRQ] on CPU 0
...from EL1 to EL1
...with ESR 0x0/0x3800000
...with SPSR 0x60000305
...with ELR 0xbf7ffa04
...to EL1 PC 0xbf800280 PSTATE 0x3c5
Exception return from AArch64 EL1 to AArch64 EL1 PC 0xbf7ffa04
Taking exception 5 [IRQ] on CPU 0
...from EL1 to EL1
...with ESR 0x0/0x3800000
...with SPSR 0x60000305
...with ELR 0xbf7ffa04
...to EL1 PC 0xbf800280 PSTATE 0x3c5
Exception return from AArch64 EL1 to AArch64 EL1 PC 0xbf7ffa04
Taking exception 5 [IRQ] on CPU 0
...from EL1 to EL1
...with ESR 0x0/0x3800000
...with SPSR 0x60000305
...with ELR 0xbf7ffa04
...to EL1 PC 0xbf800280 PSTATE 0x3c5
Exception return from AArch64 EL1 to AArch64 EL1 PC 0xbf7ffa04
Taking exception 5 [IRQ] on CPU 0
...from EL1 to EL1
...with ESR 0x0/0x3800000
...with SPSR 0x60000305
...with ELR 0xbf7ffa04
...to EL1 PC 0xbf800280 PSTATE 0x3c5
Exception return from AArch64 EL1 to AArch64 EL1 PC 0xbf7ffa04
Taking exception 5 [IRQ] on CPU 0
...from EL1 to EL1
...with ESR 0x0/0x3800000
...with SPSR 0x60000305
...with ELR 0xbf7ffa04
...to EL1 PC 0xbf800280 PSTATE 0x3c5
Exception return from AArch64 EL1 to AArch64 EL1 PC 0xbf7ffa04
Taking exception 5 [IRQ] on CPU 0
...from EL1 to EL1
...with ESR 0x0/0x3800000
...with SPSR 0x60000305
...with ELR 0xbf7ffa04
...to EL1 PC 0xbf800280 PSTATE 0x3c5
Exception return from AArch64 EL1 to AArch64 EL1 PC 0xbf7ffa04
Taking exception 5 [IRQ] on CPU 0
...from EL1 to EL1
...with ESR 0x0/0x3800000
...with SPSR 0x60000305
...with ELR 0xbf7ffa04
...to EL1 PC 0xbf800280 PSTATE 0x3c5
Exception return from AArch64 EL1 to AArch64 EL1 PC 0xbf7ffa04
Taking exception 5 [IRQ] on CPU 0
...from EL1 to EL1
...with ESR 0x0/0x3800000
...with SPSR 0x60000305
...with ELR 0xbf7ffa04
...to EL1 PC 0xbf800280 PSTATE 0x3c5
Exception return from AArch64 EL1 to AArch64 EL1 PC 0xbf7ffa04
Taking exception 5 [IRQ] on CPU 0
...from EL1 to EL1
...with ESR 0x0/0x3800000
...with SPSR 0x60000305
...with ELR 0xbf7ffa04
...to EL1 PC 0xbf800280 PSTATE 0x3c5
Exception return from AArch64 EL1 to AArch64 EL1 PC 0xbf7ffa04
Taking exception 5 [IRQ] on CPU 0
...from EL1 to EL1
...with ESR 0x0/0x3800000
...with SPSR 0x60000305
...with ELR 0xbf7ffa04
...to EL1 PC 0xbf800280 PSTATE 0x3c5
Exception return from AArch64 EL1 to AArch64 EL1 PC 0xbf7ffa04
Taking exception 5 [IRQ] on CPU 0
...from EL1 to EL1
...with ESR 0x0/0x3800000
...with SPSR 0x60000305
...with ELR 0xbf7ffa04
...to EL1 PC 0xbf800280 PSTATE 0x3c5
Exception return from AArch64 EL1 to AArch64 EL1 PC 0xbf7ffa04
Taking exception 5 [IRQ] on CPU 0
...from EL1 to EL1
...with ESR 0x0/0x3800000
...with SPSR 0x60000305
...with ELR 0xbf7ffa04
...to EL1 PC 0xbf800280 PSTATE 0x3c5
Exception return from AArch64 EL1 to AArch64 EL1 PC 0xbf7ffa04
Taking exception 5 [IRQ] on CPU 0
...from EL1 to EL1
...with ESR 0x0/0x3800000
...with SPSR 0x60000305
...with ELR 0xbf7ffa04
...to EL1 PC 0xbf800280 PSTATE 0x3c5
Exception return from AArch64 EL1 to AArch64 EL1 PC 0xbf7ffa04
Taking exception 5 [IRQ] on CPU 0
...from EL1 to EL1
...with ESR 0x0/0x3800000
...with SPSR 0x60000305
...with ELR 0xbf7ffa04
...to EL1 PC 0xbf800280 PSTATE 0x3c5
Exception return from AArch64 EL1 to AArch64 EL1 PC 0xbf7ffa04
Taking exception 5 [IRQ] on CPU 0
...from EL1 to EL1
...with ESR 0x0/0x3800000
...with SPSR 0x60000305
...with ELR 0xbf7ffa04
...to EL1 PC 0xbf800280 PSTATE 0x3c5
Exception return from AArch64 EL1 to AArch64 EL1 PC 0xbf7ffa04
Taking exception 5 [IRQ] on CPU 0
...from EL1 to EL1
...with ESR 0x0/0x3800000
...with SPSR 0x60000305
...with ELR 0xbf7ffa04
...to EL1 PC 0xbf800280 PSTATE 0x3c5
Exception return from AArch64 EL1 to AArch64 EL1 PC 0xbf7ffa04
Taking exception 5 [IRQ] on CPU 0
...from EL1 to EL1
...with ESR 0x0/0x3800000
...with SPSR 0x60000305
...with ELR 0xbf7ffa04
...to EL1 PC 0xbf800280 PSTATE 0x3c5
Exception return from AArch64 EL1 to AArch64 EL1 PC 0xbf7ffa04
Taking exception 5 [IRQ] on CPU 0
...from EL1 to EL1
...with ESR 0x0/0x3800000
...with SPSR 0x60000305
...with ELR 0xbf7ffa04
...to EL1 PC 0xbf800280 PSTATE 0x3c5
Exception return from AArch64 EL1 to AArch64 EL1 PC 0xbf7ffa04
Taking exception 5 [IRQ] on CPU 0
...from EL1 to EL1
...with ESR 0x0/0x3800000
...with SPSR 0x60000305
...with ELR 0xbf7ffa04
...to EL1 PC 0xbf800280 PSTATE 0x3c5
Exception return from AArch64 EL1 to AArch64 EL1 PC 0xbf7ffa04
Taking exception 5 [IRQ] on CPU 0
...from EL1 to EL1
...with ESR 0x0/0x3800000
...with SPSR 0x60000305
...with ELR 0xbf7ffa04
...to EL1 PC 0xbf800280 PSTATE 0x3c5
Exception return from AArch64 EL1 to AArch64 EL1 PC 0xbf7ffa04
Taking exception 5 [IRQ] on CPU 0
...from EL1 to EL1
...with ESR 0x0/0x3800000
...with SPSR 0x60000305
...with ELR 0xbf7ffa04
...to EL1 PC 0xbf800280 PSTATE 0x3c5
Exception return from AArch64 EL1 to AArch64 EL1 PC 0xbf7ffa04
Taking exception 5 [IRQ] on CPU 0
...from EL1 to EL1
...with ESR 0x0/0x3800000
...with SPSR 0x60000305
...with ELR 0xbf7ffa04
...to EL1 PC 0xbf800280 PSTATE 0x3c5
Exception return from AArch64 EL1 to AArch64 EL1 PC 0xbf7ffa04
Taking exception 5 [IRQ] on CPU 0
...from EL1 to EL1
...with ESR 0x0/0x3800000
...with SPSR 0x60000305
...with ELR 0xbf7ffa04
...to EL1 PC 0xbf800280 PSTATE 0x3c5
Exception return from AArch64 EL1 to AArch64 EL1 PC 0xbf7ffa04
Taking exception 5 [IRQ] on CPU 0
...from EL1 to EL1
...with ESR 0x0/0x3800000
...with SPSR 0x60000305
...with ELR 0xbf7ffa04
...to EL1 PC 0xbf800280 PSTATE 0x3c5
Exception return from AArch64 EL1 to AArch64 EL1 PC 0xbf7ffa04
Taking exception 5 [IRQ] on CPU 0
...from EL1 to EL1
...with ESR 0x0/0x3800000
...with SPSR 0x60000305
...with ELR 0xbf7ffa04
...to EL1 PC 0xbf800280 PSTATE 0x3c5
Exception return from AArch64 EL1 to AArch64 EL1 PC 0xbf7ffa04
Taking exception 5 [IRQ] on CPU 0
...from EL1 to EL1
...with ESR 0x0/0x3800000
...with SPSR 0x60000305
...with ELR 0xbf7ffa04
...to EL1 PC 0xbf800280 PSTATE 0x3c5
Exception return from AArch64 EL1 to AArch64 EL1 PC 0xbf7ffa04
Taking exception 5 [IRQ] on CPU 0
...from EL1 to EL1
...with ESR 0x0/0x3800000
...with SPSR 0x60000305
...with ELR 0xbf7ffa04
...to EL1 PC 0xbf800280 PSTATE 0x3c5
Exception return from AArch64 EL1 to AArch64 EL1 PC 0xbf7ffa04
Taking exception 5 [IRQ] on CPU 0
...from EL1 to EL1
...with ESR 0x0/0x3800000
...with SPSR 0x60000305
...with ELR 0xbf7ffa04
...to EL1 PC 0xbf800280 PSTATE 0x3c5
Exception return from AArch64 EL1 to AArch64 EL1 PC 0xbf7ffa04
Taking exception 5 [IRQ] on CPU 0
...from EL1 to EL1
...with ESR 0x0/0x3800000
...with SPSR 0x60000305
...with ELR 0xbf7ffa04
...to EL1 PC 0xbf800280 PSTATE 0x3c5
Exception return from AArch64 EL1 to AArch64 EL1 PC 0xbf7ffa04
Taking exception 5 [IRQ] on CPU 0
...from EL1 to EL1
...with ESR 0x0/0x3800000
...with SPSR 0x60000305
...with ELR 0xbf7ffa04
...to EL1 PC 0xbf800280 PSTATE 0x3c5
Exception return from AArch64 EL1 to AArch64 EL1 PC 0xbf7ffa04
Taking exception 5 [IRQ] on CPU 0
...from EL1 to EL1
...with ESR 0x0/0x3800000
...with SPSR 0x60000305
...with ELR 0xbf7ffa04
...to EL1 PC 0xbf800280 PSTATE 0x3c5
Exception return from AArch64 EL1 to AArch64 EL1 PC 0xbf7ffa04
Taking exception 5 [IRQ] on CPU 0
...from EL1 to EL1
...with ESR 0x0/0x3800000
...with SPSR 0x60000305
...with ELR 0xbf7ffa04
...to EL1 PC 0xbf800280 PSTATE 0x3c5
Exception return from AArch64 EL1 to AArch64 EL1 PC 0xbf7ffa04
Taking exception 5 [IRQ] on CPU 0
...from EL1 to EL1
...with ESR 0x0/0x3800000
...with SPSR 0x60000305
...with ELR 0xbf7ffa04
...to EL1 PC 0xbf800280 PSTATE 0x3c5
Exception return from AArch64 EL1 to AArch64 EL1 PC 0xbf7ffa04
Taking exception 5 [IRQ] on CPU 0
...from EL1 to EL1
...with ESR 0x0/0x3800000
...with SPSR 0x60000305
...with ELR 0xbf7ffa04
...to EL1 PC 0xbf800280 PSTATE 0x3c5
Exception return from AArch64 EL1 to AArch64 EL1 PC 0xbf7ffa04
Taking exception 5 [IRQ] on CPU 0
...from EL1 to EL1
...with ESR 0x0/0x3800000
...with SPSR 0x60000305
...with ELR 0xbf7ffa04
...to EL1 PC 0xbf800280 PSTATE 0x3c5
Exception return from AArch64 EL1 to AArch64 EL1 PC 0xbf7ffa04
Taking exception 5 [IRQ] on CPU 0
...from EL1 to EL1
...with ESR 0x0/0x3800000
...with SPSR 0x60000305
...with ELR 0xbf7ffa04
...to EL1 PC 0xbf800280 PSTATE 0x3c5
Exception return from AArch64 EL1 to AArch64 EL1 PC 0xbf7ffa04
Taking exception 5 [IRQ] on CPU 0
...from EL1 to EL1
...with ESR 0x0/0x3800000
...with SPSR 0x60000305
...with ELR 0xbf7ffa04
...to EL1 PC 0xbf800280 PSTATE 0x3c5
Exception return from AArch64 EL1 to AArch64 EL1 PC 0xbf7ffa04
Taking exception 5 [IRQ] on CPU 0
...from EL1 to EL1
...with ESR 0x0/0x3800000
...with SPSR 0x60000305
...with ELR 0xbf7ffa04
...to EL1 PC 0xbf800280 PSTATE 0x3c5
Exception return from AArch64 EL1 to AArch64 EL1 PC 0xbf7ffa04
Taking exception 5 [IRQ] on CPU 0
...from EL1 to EL1
...with ESR 0x0/0x3800000
...with SPSR 0x60000305
...with ELR 0xbf7ffa04
...to EL1 PC 0xbf800280 PSTATE 0x3c5
Exception return from AArch64 EL1 to AArch64 EL1 PC 0xbf7ffa04
Taking exception 5 [IRQ] on CPU 0
...from EL1 to EL1
...with ESR 0x0/0x3800000
...with SPSR 0x60000305
...with ELR 0xbf7ffa04
...to EL1 PC 0xbf800280 PSTATE 0x3c5
Exception return from AArch64 EL1 to AArch64 EL1 PC 0xbf7ffa04
Taking exception 5 [IRQ] on CPU 0
...from EL1 to EL1
...with ESR 0x0/0x3800000
...with SPSR 0x60000305
...with ELR 0xbf7ffa04
...to EL1 PC 0xbf800280 PSTATE 0x3c5
Exception return from AArch64 EL1 to AArch64 EL1 PC 0xbf7ffa04
Taking exception 5 [IRQ] on CPU 0
...from EL1 to EL1
...with ESR 0x0/0x3800000
...with SPSR 0x60000305
...with ELR 0xbf7ffa04
...to EL1 PC 0xbf800280 PSTATE 0x3c5
Exception return from AArch64 EL1 to AArch64 EL1 PC 0xbf7ffa04
Taking exception 5 [IRQ] on CPU 0
...from EL1 to EL1
...with ESR 0x0/0x3800000
...with SPSR 0x60000305
...with ELR 0xbf7ffa04
...to EL1 PC 0xbf800280 PSTATE 0x3c5
Exception return from AArch64 EL1 to AArch64 EL1 PC 0xbf7ffa04
Taking exception 5 [IRQ] on CPU 0
...from EL1 to EL1
...with ESR 0x0/0x3800000
...with SPSR 0x60000305
...with ELR 0xbf7ffa04
...to EL1 PC 0xbf800280 PSTATE 0x3c5
Exception return from AArch64 EL1 to AArch64 EL1 PC 0xbf7ffa04
Taking exception 5 [IRQ] on CPU 0
...from EL1 to EL1
...with ESR 0x0/0x3800000
...with SPSR 0x60000305
...with ELR 0xbf7ffa04
...to EL1 PC 0xbf800280 PSTATE 0x3c5
Exception return from AArch64 EL1 to AArch64 EL1 PC 0xbf7ffa04
Taking exception 5 [IRQ] on CPU 0
...from EL1 to EL1
...with ESR 0x0/0x3800000
...with SPSR 0x60000305
...with ELR 0xbf7ffa04
...to EL1 PC 0xbf800280 PSTATE 0x3c5
Exception return from AArch64 EL1 to AArch64 EL1 PC 0xbf7ffa04
Taking exception 5 [IRQ] on CPU 0
...from EL1 to EL1
...with ESR 0x0/0x3800000
...with SPSR 0x60000305
...with ELR 0xbf7ffa04
...to EL1 PC 0xbf800280 PSTATE 0x3c5
Exception return from AArch64 EL1 to AArch64 EL1 PC 0xbf7ffa04
Taking exception 5 [IRQ] on CPU 0
...from EL1 to EL1
...with ESR 0x0/0x3800000
...with SPSR 0x60000305
...with ELR 0xbf7ffa04
...to EL1 PC 0xbf800280 PSTATE 0x3c5
Exception return from AArch64 EL1 to AArch64 EL1 PC 0xbf7ffa04
Taking exception 5 [IRQ] on CPU 0
...from EL1 to EL1
...with ESR 0x0/0x3800000
...with SPSR 0x60000305
...with ELR 0xbf7ffa04
...to EL1 PC 0xbf800280 PSTATE 0x3c5
Exception return from AArch64 EL1 to AArch64 EL1 PC 0xbf7ffa04
Taking exception 5 [IRQ] on CPU 0
...from EL1 to EL1
...with ESR 0x0/0x3800000
...with SPSR 0x60000305
...with ELR 0xbf7ffa04
...to EL1 PC 0xbf800280 PSTATE 0x3c5
Exception return from AArch64 EL1 to AArch64 EL1 PC 0xbf7ffa04
Taking exception 5 [IRQ] on CPU 0
...from EL1 to EL1
...with ESR 0x0/0x3800000
...with SPSR 0x60000305
...with ELR 0xbf7ffa04
...to EL1 PC 0xbf800280 PSTATE 0x3c5
Exception return from AArch64 EL1 to AArch64 EL1 PC 0xbf7ffa04
Taking exception 5 [IRQ] on CPU 0
...from EL1 to EL1
...with ESR 0x0/0x3800000
...with SPSR 0x60000305
...with ELR 0xbf7ffa04
...to EL1 PC 0xbf800280 PSTATE 0x3c5
Exception return from AArch64 EL1 to AArch64 EL1 PC 0xbf7ffa04
Taking exception 5 [IRQ] on CPU 0
...from EL1 to EL1
...with ESR 0x0/0x3800000
...with SPSR 0x60000305
...with ELR 0xbf7ffa04
...to EL1 PC 0xbf800280 PSTATE 0x3c5
Exception return from AArch64 EL1 to AArch64 EL1 PC 0xbf7ffa04
Taking exception 5 [IRQ] on CPU 0
...from EL1 to EL1
...with ESR 0x0/0x3800000
...with SPSR 0x60000305
...with ELR 0xbf7ffa04
...to EL1 PC 0xbf800280 PSTATE 0x3c5
Exception return from AArch64 EL1 to AArch64 EL1 PC 0xbf7ffa04
Taking exception 5 [IRQ] on CPU 0
...from EL1 to EL1
...with ESR 0x0/0x3800000
...with SPSR 0x60000305
...with ELR 0xbf7ffa04
...to EL1 PC 0xbf800280 PSTATE 0x3c5
Exception return from AArch64 EL1 to AArch64 EL1 PC 0xbf7ffa04
Taking exception 5 [IRQ] on CPU 0
...from EL1 to EL1
...with ESR 0x0/0x3800000
...with SPSR 0x60000305
...with ELR 0xbf7ffa04
...to EL1 PC 0xbf800280 PSTATE 0x3c5
Exception return from AArch64 EL1 to AArch64 EL1 PC 0xbf7ffa04
Taking exception 5 [IRQ] on CPU 0
...from EL1 to EL1
...with ESR 0x0/0x3800000
...with SPSR 0x60000305
...with ELR 0xbf7ffa04
...to EL1 PC 0xbf800280 PSTATE 0x3c5
Exception return from AArch64 EL1 to AArch64 EL1 PC 0xbf7ffa04
Taking exception 5 [IRQ] on CPU 0
...from EL1 to EL1
...with ESR 0x0/0x3800000
...with SPSR 0x60000305
...with ELR 0xbf7ffa04
...to EL1 PC 0xbf800280 PSTATE 0x3c5
Exception return from AArch64 EL1 to AArch64 EL1 PC 0xbf7ffa04
Taking exception 5 [IRQ] on CPU 0
...from EL1 to EL1
...with ESR 0x0/0x3800000
...with SPSR 0x60000305
...with ELR 0xbf7ffa04
...to EL1 PC 0xbf800280 PSTATE 0x3c5
Exception return from AArch64 EL1 to AArch64 EL1 PC 0xbf7ffa04
Taking exception 5 [IRQ] on CPU 0
...from EL1 to EL1
...with ESR 0x0/0x3800000
...with SPSR 0x60000305
...with ELR 0xbf7ffa04
...to EL1 PC 0xbf800280 PSTATE 0x3c5
Exception return from AArch64 EL1 to AArch64 EL1 PC 0xbf7ffa04
Taking exception 5 [IRQ] on CPU 0
...from EL1 to EL1
...with ESR 0x0/0x3800000
...with SPSR 0x60000305
...with ELR 0xbf7ffa04
...to EL1 PC 0xbf800280 PSTATE 0x3c5
Exception return from AArch64 EL1 to AArch64 EL1 PC 0xbf7ffa04
Taking exception 5 [IRQ] on CPU 0
...from EL1 to EL1
...with ESR 0x0/0x3800000
...with SPSR 0x60000305
...with ELR 0xbf7ffa04
...to EL1 PC 0xbf800280 PSTATE 0x3c5
Exception return from AArch64 EL1 to AArch64 EL1 PC 0xbf7ffa04
Taking exception 5 [IRQ] on CPU 0
...from EL1 to EL1
...with ESR 0x0/0x3800000
...with SPSR 0x60000305
...with ELR 0xbf7ffa04
...to EL1 PC 0xbf800280 PSTATE 0x3c5
Exception return from AArch64 EL1 to AArch64 EL1 PC 0xbf7ffa04
Taking exception 5 [IRQ] on CPU 0
...from EL1 to EL1
...with ESR 0x0/0x3800000
...with SPSR 0x60000305
...with ELR 0xbf7ffa04
...to EL1 PC 0xbf800280 PSTATE 0x3c5
Exception return from AArch64 EL1 to AArch64 EL1 PC 0xbf7ffa04
Taking exception 5 [IRQ] on CPU 0
...from EL1 to EL1
...with ESR 0x0/0x3800000
...with SPSR 0x60000305
...with ELR 0xbf7ffa04
...to EL1 PC 0xbf800280 PSTATE 0x3c5
Exception return from AArch64 EL1 to AArch64 EL1 PC 0xbf7ffa04
Taking exception 5 [IRQ] on CPU 0
...from EL1 to EL1
...with ESR 0x0/0x3800000
...with SPSR 0x60000305
...with ELR 0xbf7ffa04
...to EL1 PC 0xbf800280 PSTATE 0x3c5
Exception return from AArch64 EL1 to AArch64 EL1 PC 0xbf7ffa04
Taking exception 5 [IRQ] on CPU 0
...from EL1 to EL1
...with ESR 0x0/0x3800000
...with SPSR 0x60000305
...with ELR 0xbf7ffa04
...to EL1 PC 0xbf800280 PSTATE 0x3c5
Exception return from AArch64 EL1 to AArch64 EL1 PC 0xbf7ffa04
Taking exception 5 [IRQ] on CPU 0
...from EL1 to EL1
...with ESR 0x0/0x3800000
...with SPSR 0x60000305
...with ELR 0xbf7ffa04
...to EL1 PC 0xbf800280 PSTATE 0x3c5
Exception return from AArch64 EL1 to AArch64 EL1 PC 0xbf7ffa04
Taking exception 5 [IRQ] on CPU 0
...from EL1 to EL1
...with ESR 0x0/0x3800000
...with SPSR 0x60000305
...with ELR 0xbf7ffa04
...to EL1 PC 0xbf800280 PSTATE 0x3c5
Exception return from AArch64 EL1 to AArch64 EL1 PC 0xbf7ffa04
Taking exception 5 [IRQ] on CPU 0
...from EL1 to EL1
...with ESR 0x0/0x3800000
...with SPSR 0x60000305
...with ELR 0xbf7ffa04
...to EL1 PC 0xbf800280 PSTATE 0x3c5
Exception return from AArch64 EL1 to AArch64 EL1 PC 0xbf7ffa04
Taking exception 5 [IRQ] on CPU 0
...from EL1 to EL1
...with ESR 0x0/0x3800000
...with SPSR 0x60000305
...with ELR 0xbf7ffa04
...to EL1 PC 0xbf800280 PSTATE 0x3c5
Exception return from AArch64 EL1 to AArch64 EL1 PC 0xbf7ffa04
Taking exception 5 [IRQ] on CPU 0
...from EL1 to EL1
...with ESR 0x0/0x3800000
...with SPSR 0x60000305
...with ELR 0xbf7ffa04
...to EL1 PC 0xbf800280 PSTATE 0x3c5
Exception return from AArch64 EL1 to AArch64 EL1 PC 0xbf7ffa04
Taking exception 5 [IRQ] on CPU 0
...from EL1 to EL1
...with ESR 0x0/0x3800000
...with SPSR 0x60000305
...with ELR 0xbf7ffa04
...to EL1 PC 0xbf800280 PSTATE 0x3c5
Exception return from AArch64 EL1 to AArch64 EL1 PC 0xbf7ffa04
Taking exception 5 [IRQ] on CPU 0
...from EL1 to EL1
...with ESR 0x0/0x3800000
...with SPSR 0x60000305
...with ELR 0xbf7ffa04
...to EL1 PC 0xbf800280 PSTATE 0x3c5
Exception return from AArch64 EL1 to AArch64 EL1 PC 0xbf7ffa04
Taking exception 5 [IRQ] on CPU 0
...from EL1 to EL1
...with ESR 0x0/0x3800000
...with SPSR 0x60000305
...with ELR 0xbf7ffa04
...to EL1 PC 0xbf800280 PSTATE 0x3c5
Exception return from AArch64 EL1 to AArch64 EL1 PC 0xbf7ffa04
Taking exception 5 [IRQ] on CPU 0
...from EL1 to EL1
...with ESR 0x0/0x3800000
...with SPSR 0x60000305
...with ELR 0xbf7ffa04
...to EL1 PC 0xbf800280 PSTATE 0x3c5
Exception return from AArch64 EL1 to AArch64 EL1 PC 0xbf7ffa04
Taking exception 5 [IRQ] on CPU 0
...from EL1 to EL1
...with ESR 0x0/0x3800000
...with SPSR 0x60000305
...with ELR 0xbf7ffa04
...to EL1 PC 0xbf800280 PSTATE 0x3c5
Exception return from AArch64 EL1 to AArch64 EL1 PC 0xbf7ffa04
Taking exception 5 [IRQ] on CPU 0
...from EL1 to EL1
...with ESR 0x0/0x3800000
...with SPSR 0x60000305
...with ELR 0xbf7ffa04
...to EL1 PC 0xbf800280 PSTATE 0x3c5
Exception return from AArch64 EL1 to AArch64 EL1 PC 0xbf7ffa04
Taking exception 5 [IRQ] on CPU 0
...from EL1 to EL1
...with ESR 0x0/0x3800000
...with SPSR 0x60000305
...with ELR 0xbf7ffa04
...to EL1 PC 0xbf800280 PSTATE 0x3c5
Exception return from AArch64 EL1 to AArch64 EL1 PC 0xbf7ffa04
Taking exception 5 [IRQ] on CPU 0
...from EL1 to EL1
...with ESR 0x0/0x3800000
...with SPSR 0x60000305
...with ELR 0xbf7ffa04
...to EL1 PC 0xbf800280 PSTATE 0x3c5
Exception return from AArch64 EL1 to AArch64 EL1 PC 0xbf7ffa04
Taking exception 5 [IRQ] on CPU 0
...from EL1 to EL1
...with ESR 0x0/0x3800000
...with SPSR 0x60000305
...with ELR 0xbf7ffa04
...to EL1 PC 0xbf800280 PSTATE 0x3c5
Exception return from AArch64 EL1 to AArch64 EL1 PC 0xbf7ffa04
Taking exception 5 [IRQ] on CPU 0
...from EL1 to EL1
...with ESR 0x0/0x3800000
...with SPSR 0x60000305
...with ELR 0xbf7ffa04
...to EL1 PC 0xbf800280 PSTATE 0x3c5
Exception return from AArch64 EL1 to AArch64 EL1 PC 0xbf7ffa04
Taking exception 5 [IRQ] on CPU 0
...from EL1 to EL1
...with ESR 0x0/0x3800000
...with SPSR 0x60000305
...with ELR 0xbf7ffa04
...to EL1 PC 0xbf800280 PSTATE 0x3c5
Exception return from AArch64 EL1 to AArch64 EL1 PC 0xbf7ffa04
Taking exception 5 [IRQ] on CPU 0
...from EL1 to EL1
...with ESR 0x0/0x3800000
...with SPSR 0x60000305
...with ELR 0xbf7ffa04
...to EL1 PC 0xbf800280 PSTATE 0x3c5
Exception return from AArch64 EL1 to AArch64 EL1 PC 0xbf7ffa04
Taking exception 5 [IRQ] on CPU 0
...from EL1 to EL1
...with ESR 0x0/0x3800000
...with SPSR 0x60000305
...with ELR 0xbf7ffa04
...to EL1 PC 0xbf800280 PSTATE 0x3c5
Exception return from AArch64 EL1 to AArch64 EL1 PC 0xbf7ffa04
Taking exception 5 [IRQ] on CPU 0
...from EL1 to EL1
...with ESR 0x0/0x3800000
...with SPSR 0x60000305
...with ELR 0xbf7ffa04
...to EL1 PC 0xbf800280 PSTATE 0x3c5
Exception return from AArch64 EL1 to AArch64 EL1 PC 0xbf7ffa04
Taking exception 5 [IRQ] on CPU 0
...from EL1 to EL1
...with ESR 0x0/0x3800000
...with SPSR 0x60000305
...with ELR 0xbf7ffa04
...to EL1 PC 0xbf800280 PSTATE 0x3c5
Exception return from AArch64 EL1 to AArch64 EL1 PC 0xbf7ffa04
Taking exception 5 [IRQ] on CPU 0
...from EL1 to EL1
...with ESR 0x0/0x3800000
...with SPSR 0x60000305
...with ELR 0xbf7ffa04
...to EL1 PC 0xbf800280 PSTATE 0x3c5
Exception return from AArch64 EL1 to AArch64 EL1 PC 0xbf7ffa04
Taking exception 5 [IRQ] on CPU 0
...from EL1 to EL1
...with ESR 0x0/0x3800000
...with SPSR 0x60000305
...with ELR 0xbf7ffa04
...to EL1 PC 0xbf800280 PSTATE 0x3c5
Exception return from AArch64 EL1 to AArch64 EL1 PC 0xbf7ffa04
Taking exception 5 [IRQ] on CPU 0
...from EL1 to EL1
...with ESR 0x0/0x3800000
...with SPSR 0x60000305
...with ELR 0xbf7ffa04
...to EL1 PC 0xbf800280 PSTATE 0x3c5
Exception return from AArch64 EL1 to AArch64 EL1 PC 0xbf7ffa04
Taking exception 5 [IRQ] on CPU 0
...from EL1 to EL1
...with ESR 0x0/0x3800000
...with SPSR 0x60000305
...with ELR 0xbf7ffa04
...to EL1 PC 0xbf800280 PSTATE 0x3c5
Exception return from AArch64 EL1 to AArch64 EL1 PC 0xbf7ffa04
Taking exception 5 [IRQ] on CPU 0
...from EL1 to EL1
...with ESR 0x0/0x3800000
...with SPSR 0x60000305
...with ELR 0xbf7ffa04
...to EL1 PC 0xbf800280 PSTATE 0x3c5
Exception return from AArch64 EL1 to AArch64 EL1 PC 0xbf7ffa04
Taking exception 5 [IRQ] on CPU 0
...from EL1 to EL1
...with ESR 0x0/0x3800000
...with SPSR 0x60000305
...with ELR 0xbf7ffa04
...to EL1 PC 0xbf800280 PSTATE 0x3c5
Exception return from AArch64 EL1 to AArch64 EL1 PC 0xbf7ffa04
Taking exception 5 [IRQ] on CPU 0
...from EL1 to EL1
...with ESR 0x0/0x3800000
...with SPSR 0x60000305
...with ELR 0xbf7ffa04
...to EL1 PC 0xbf800280 PSTATE 0x3c5
Exception return from AArch64 EL1 to AArch64 EL1 PC 0xbf7ffa04
Taking exception 5 [IRQ] on CPU 0
...from EL1 to EL1
...with ESR 0x0/0x3800000
...with SPSR 0x60000305
...with ELR 0xbf7ffa04
...to EL1 PC 0xbf800280 PSTATE 0x3c5
Exception return from AArch64 EL1 to AArch64 EL1 PC 0xbf7ffa04
Taking exception 5 [IRQ] on CPU 0
...from EL1 to EL1
...with ESR 0x0/0x3800000
...with SPSR 0x60000305
...with ELR 0xbf7ffa04
...to EL1 PC 0xbf800280 PSTATE 0x3c5
Exception return from AArch64 EL1 to AArch64 EL1 PC 0xbf7ffa04
Taking exception 5 [IRQ] on CPU 0
...from EL1 to EL1
...with ESR 0x0/0x3800000
...with SPSR 0x60000305
...with ELR 0xbf7ffa04
...to EL1 PC 0xbf800280 PSTATE 0x3c5
Exception return from AArch64 EL1 to AArch64 EL1 PC 0xbf7ffa04
Taking exception 5 [IRQ] on CPU 0
...from EL1 to EL1
...with ESR 0x0/0x3800000
...with SPSR 0x60000305
...with ELR 0xbf7ffa04
...to EL1 PC 0xbf800280 PSTATE 0x3c5
Exception return from AArch64 EL1 to AArch64 EL1 PC 0xbf7ffa04
Taking exception 5 [IRQ] on CPU 0
...from EL1 to EL1
...with ESR 0x0/0x3800000
...with SPSR 0x60000305
...with ELR 0xbf7ffa04
...to EL1 PC 0xbf800280 PSTATE 0x3c5
Exception return from AArch64 EL1 to AArch64 EL1 PC 0xbf7ffa04
Taking exception 5 [IRQ] on CPU 0
...from EL1 to EL1
...with ESR 0x0/0x3800000
...with SPSR 0x60000305
...with ELR 0xbf7ffa04
...to EL1 PC 0xbf800280 PSTATE 0x3c5
Exception return from AArch64 EL1 to AArch64 EL1 PC 0xbf7ffa04
Taking exception 5 [IRQ] on CPU 0
...from EL1 to EL1
...with ESR 0x0/0x3800000
...with SPSR 0x60000305
...with ELR 0xbf7ffa04
...to EL1 PC 0xbf800280 PSTATE 0x3c5
Exception return from AArch64 EL1 to AArch64 EL1 PC 0xbf7ffa04
Taking exception 5 [IRQ] on CPU 0
...from EL1 to EL1
...with ESR 0x0/0x3800000
...with SPSR 0x60000305
...with ELR 0xbf7ffa04
...to EL1 PC 0xbf800280 PSTATE 0x3c5
Exception return from AArch64 EL1 to AArch64 EL1 PC 0xbf7ffa04
Taking exception 5 [IRQ] on CPU 0
...from EL1 to EL1
...with ESR 0x0/0x3800000
...with SPSR 0x60000305
...with ELR 0xbf7ffa04
...to EL1 PC 0xbf800280 PSTATE 0x3c5
Exception return from AArch64 EL1 to AArch64 EL1 PC 0xbf7ffa04
Taking exception 5 [IRQ] on CPU 0
...from EL1 to EL1
...with ESR 0x0/0x3800000
...with SPSR 0x60000305
...with ELR 0xbf7ffa04
...to EL1 PC 0xbf800280 PSTATE 0x3c5
Exception return from AArch64 EL1 to AArch64 EL1 PC 0xbf7ffa04
Taking exception 5 [IRQ] on CPU 0
...from EL1 to EL1
...with ESR 0x0/0x3800000
...with SPSR 0x60000305
...with ELR 0xbf7ffa04
...to EL1 PC 0xbf800280 PSTATE 0x3c5
Exception return from AArch64 EL1 to AArch64 EL1 PC 0xbf7ffa04
Taking exception 5 [IRQ] on CPU 0
...from EL1 to EL1
...with ESR 0x0/0x3800000
...with SPSR 0x60000305
...with ELR 0xbf7ffa04
...to EL1 PC 0xbf800280 PSTATE 0x3c5
Exception return from AArch64 EL1 to AArch64 EL1 PC 0xbf7ffa04
Taking exception 5 [IRQ] on CPU 0
...from EL1 to EL1
...with ESR 0x0/0x3800000
...with SPSR 0x60000305
...with ELR 0xbf7ffa04
...to EL1 PC 0xbf800280 PSTATE 0x3c5
Exception return from AArch64 EL1 to AArch64 EL1 PC 0xbf7ffa04
Taking exception 5 [IRQ] on CPU 0
...from EL1 to EL1
...with ESR 0x0/0x3800000
...with SPSR 0x60000305
...with ELR 0xbf7ffa04
...to EL1 PC 0xbf800280 PSTATE 0x3c5
Exception return from AArch64 EL1 to AArch64 EL1 PC 0xbf7ffa04
Taking exception 5 [IRQ] on CPU 0
...from EL1 to EL1
...with ESR 0x0/0x3800000
...with SPSR 0x60000305
...with ELR 0xbf7ffa04
...to EL1 PC 0xbf800280 PSTATE 0x3c5
Exception return from AArch64 EL1 to AArch64 EL1 PC 0xbf7ffa04
Taking exception 5 [IRQ] on CPU 0
...from EL1 to EL1
...with ESR 0x0/0x3800000
...with SPSR 0x60000305
...with ELR 0xbf7ffa04
...to EL1 PC 0xbf800280 PSTATE 0x3c5
Exception return from AArch64 EL1 to AArch64 EL1 PC 0xbf7ffa04
Taking exception 5 [IRQ] on CPU 0
...from EL1 to EL1
...with ESR 0x0/0x3800000
...with SPSR 0x60000305
...with ELR 0xbf7ffa04
...to EL1 PC 0xbf800280 PSTATE 0x3c5
Exception return from AArch64 EL1 to AArch64 EL1 PC 0xbf7ffa04
Taking exception 5 [IRQ] on CPU 0
...from EL1 to EL1
...with ESR 0x0/0x3800000
...with SPSR 0x60000305
...with ELR 0xbf7ffa04
...to EL1 PC 0xbf800280 PSTATE 0x3c5
Exception return from AArch64 EL1 to AArch64 EL1 PC 0xbf7ffa04
Taking exception 5 [IRQ] on CPU 0
...from EL1 to EL1
...with ESR 0x0/0x3800000
...with SPSR 0x60000305
...with ELR 0xbf7ffa04
...to EL1 PC 0xbf800280 PSTATE 0x3c5
Exception return from AArch64 EL1 to AArch64 EL1 PC 0xbf7ffa04
Taking exception 5 [IRQ] on CPU 0
...from EL1 to EL1
...with ESR 0x0/0x3800000
...with SPSR 0x60000305
...with ELR 0xbf7ffa04
...to EL1 PC 0xbf800280 PSTATE 0x3c5
Exception return from AArch64 EL1 to AArch64 EL1 PC 0xbf7ffa04
Taking exception 5 [IRQ] on CPU 0
...from EL1 to EL1
...with ESR 0x0/0x3800000
...with SPSR 0x60000305
...with ELR 0xbf7ffa04
...to EL1 PC 0xbf800280 PSTATE 0x3c5
Exception return from AArch64 EL1 to AArch64 EL1 PC 0xbf7ffa04
Taking exception 5 [IRQ] on CPU 0
...from EL1 to EL1
...with ESR 0x0/0x3800000
...with SPSR 0x60000305
...with ELR 0xbf7ffa04
...to EL1 PC 0xbf800280 PSTATE 0x3c5
Exception return from AArch64 EL1 to AArch64 EL1 PC 0xbf7ffa04
Taking exception 5 [IRQ] on CPU 0
...from EL1 to EL1
...with ESR 0x0/0x3800000
...with SPSR 0x60000305
...with ELR 0xbf7ffa04
...to EL1 PC 0xbf800280 PSTATE 0x3c5
Exception return from AArch64 EL1 to AArch64 EL1 PC 0xbf7ffa04
Taking exception 5 [IRQ] on CPU 0
...from EL1 to EL1
...with ESR 0x0/0x3800000
...with SPSR 0x60000305
...with ELR 0xbf7ffa04
...to EL1 PC 0xbf800280 PSTATE 0x3c5
Exception return from AArch64 EL1 to AArch64 EL1 PC 0xbf7ffa04
Taking exception 5 [IRQ] on CPU 0
...from EL1 to EL1
...with ESR 0x0/0x3800000
...with SPSR 0x60000305
...with ELR 0xbf7ffa04
...to EL1 PC 0xbf800280 PSTATE 0x3c5
Exception return from AArch64 EL1 to AArch64 EL1 PC 0xbf7ffa04
Taking exception 5 [IRQ] on CPU 0
...from EL1 to EL1
...with ESR 0x0/0x3800000
...with SPSR 0x60000305
...with ELR 0xbf7ffa04
...to EL1 PC 0xbf800280 PSTATE 0x3c5
Exception return from AArch64 EL1 to AArch64 EL1 PC 0xbf7ffa04
Taking exception 5 [IRQ] on CPU 0
...from EL1 to EL1
...with ESR 0x0/0x3800000
...with SPSR 0x60000305
...with ELR 0xbf7ffa04
...to EL1 PC 0xbf800280 PSTATE 0x3c5
Exception return from AArch64 EL1 to AArch64 EL1 PC 0xbf7ffa04
Taking exception 5 [IRQ] on CPU 0
...from EL1 to EL1
...with ESR 0x0/0x3800000
...with SPSR 0x60000305
...with ELR 0xbf7ffa04
...to EL1 PC 0xbf800280 PSTATE 0x3c5
Exception return from AArch64 EL1 to AArch64 EL1 PC 0xbf7ffa04
Taking exception 5 [IRQ] on CPU 0
...from EL1 to EL1
...with ESR 0x0/0x3800000
...with SPSR 0x60000305
...with ELR 0xbf7ffa04
...to EL1 PC 0xbf800280 PSTATE 0x3c5
Exception return from AArch64 EL1 to AArch64 EL1 PC 0xbf7ffa04
Taking exception 5 [IRQ] on CPU 0
...from EL1 to EL1
...with ESR 0x0/0x3800000
...with SPSR 0x60000305
...with ELR 0xbf7ffa04
...to EL1 PC 0xbf800280 PSTATE 0x3c5
Exception return from AArch64 EL1 to AArch64 EL1 PC 0xbf7ffa04
Taking exception 5 [IRQ] on CPU 0
...from EL1 to EL1
...with ESR 0x0/0x3800000
...with SPSR 0x60000305
...with ELR 0xbf7ffa04
...to EL1 PC 0xbf800280 PSTATE 0x3c5
Exception return from AArch64 EL1 to AArch64 EL1 PC 0xbf7ffa04
Taking exception 5 [IRQ] on CPU 0
...from EL1 to EL1
...with ESR 0x0/0x3800000
...with SPSR 0x60000305
...with ELR 0xbf7ffa04
...to EL1 PC 0xbf800280 PSTATE 0x3c5
Exception return from AArch64 EL1 to AArch64 EL1 PC 0xbf7ffa04
Taking exception 5 [IRQ] on CPU 0
...from EL1 to EL1
...with ESR 0x0/0x3800000
...with SPSR 0x60000305
...with ELR 0xbf7ffa04
...to EL1 PC 0xbf800280 PSTATE 0x3c5
Exception return from AArch64 EL1 to AArch64 EL1 PC 0xbf7ffa04
Taking exception 5 [IRQ] on CPU 0
...from EL1 to EL1
...with ESR 0x0/0x3800000
...with SPSR 0x60000305
...with ELR 0xbf7ffa04
...to EL1 PC 0xbf800280 PSTATE 0x3c5
Exception return from AArch64 EL1 to AArch64 EL1 PC 0xbf7ffa04
Taking exception 5 [IRQ] on CPU 0
...from EL1 to EL1
...with ESR 0x0/0x3800000
...with SPSR 0x60000305
...with ELR 0xbf7ffa04
...to EL1 PC 0xbf800280 PSTATE 0x3c5
Exception return from AArch64 EL1 to AArch64 EL1 PC 0xbf7ffa04
Taking exception 5 [IRQ] on CPU 0
...from EL1 to EL1
...with ESR 0x0/0x3800000
...with SPSR 0x60000305
...with ELR 0xbf7ffa04
...to EL1 PC 0xbf800280 PSTATE 0x3c5
Exception return from AArch64 EL1 to AArch64 EL1 PC 0xbf7ffa04
Taking exception 5 [IRQ] on CPU 0
...from EL1 to EL1
...with ESR 0x0/0x3800000
...with SPSR 0x60000305
...with ELR 0xbf7ffa04
...to EL1 PC 0xbf800280 PSTATE 0x3c5
Exception return from AArch64 EL1 to AArch64 EL1 PC 0xbf7ffa04
Taking exception 5 [IRQ] on CPU 0
...from EL1 to EL1
...with ESR 0x0/0x3800000
...with SPSR 0x60000305
...with ELR 0xbf7ffa04
...to EL1 PC 0xbf800280 PSTATE 0x3c5
Exception return from AArch64 EL1 to AArch64 EL1 PC 0xbf7ffa04
Taking exception 5 [IRQ] on CPU 0
...from EL1 to EL1
...with ESR 0x0/0x3800000
...with SPSR 0x60000305
...with ELR 0xbf7ffa04
...to EL1 PC 0xbf800280 PSTATE 0x3c5
Exception return from AArch64 EL1 to AArch64 EL1 PC 0xbf7ffa04
Taking exception 5 [IRQ] on CPU 0
...from EL1 to EL1
...with ESR 0x0/0x3800000
...with SPSR 0x60000305
...with ELR 0xbf7ffa04
...to EL1 PC 0xbf800280 PSTATE 0x3c5
Exception return from AArch64 EL1 to AArch64 EL1 PC 0xbf7ffa04
Taking exception 5 [IRQ] on CPU 0
...from EL1 to EL1
...with ESR 0x0/0x3800000
...with SPSR 0x60000305
...with ELR 0xbf7ffa04
...to EL1 PC 0xbf800280 PSTATE 0x3c5
Exception return from AArch64 EL1 to AArch64 EL1 PC 0xbf7ffa04
Taking exception 5 [IRQ] on CPU 0
...from EL1 to EL1
...with ESR 0x0/0x3800000
...with SPSR 0x60000305
...with ELR 0xbf7ffa04
...to EL1 PC 0xbf800280 PSTATE 0x3c5
Exception return from AArch64 EL1 to AArch64 EL1 PC 0xbf7ffa04
Taking exception 5 [IRQ] on CPU 0
...from EL1 to EL1
...with ESR 0x0/0x3800000
...with SPSR 0x60000305
...with ELR 0xbf7ffa04
...to EL1 PC 0xbf800280 PSTATE 0x3c5
Exception return from AArch64 EL1 to AArch64 EL1 PC 0xbf7ffa04
Taking exception 5 [IRQ] on CPU 0
...from EL1 to EL1
...with ESR 0x0/0x3800000
...with SPSR 0x60000305
...with ELR 0xbf7ffa04
...to EL1 PC 0xbf800280 PSTATE 0x3c5
Exception return from AArch64 EL1 to AArch64 EL1 PC 0xbf7ffa04
Taking exception 5 [IRQ] on CPU 0
...from EL1 to EL1
...with ESR 0x0/0x3800000
...with SPSR 0x60000305
...with ELR 0xbf7ffa04
...to EL1 PC 0xbf800280 PSTATE 0x3c5
Exception return from AArch64 EL1 to AArch64 EL1 PC 0xbf7ffa04
Taking exception 5 [IRQ] on CPU 0
...from EL1 to EL1
...with ESR 0x0/0x3800000
...with SPSR 0x60000305
...with ELR 0xbf7ffa04
...to EL1 PC 0xbf800280 PSTATE 0x3c5
Exception return from AArch64 EL1 to AArch64 EL1 PC 0xbf7ffa04
Taking exception 5 [IRQ] on CPU 0
...from EL1 to EL1
...with ESR 0x0/0x3800000
...with SPSR 0x60000305
...with ELR 0xbf7ffa04
...to EL1 PC 0xbf800280 PSTATE 0x3c5
Exception return from AArch64 EL1 to AArch64 EL1 PC 0xbf7ffa04
Taking exception 5 [IRQ] on CPU 0
...from EL1 to EL1
...with ESR 0x0/0x3800000
...with SPSR 0x60000305
...with ELR 0xbf7ffa04
...to EL1 PC 0xbf800280 PSTATE 0x3c5
Exception return from AArch64 EL1 to AArch64 EL1 PC 0xbf7ffa04
Taking exception 5 [IRQ] on CPU 0
...from EL1 to EL1
...with ESR 0x0/0x3800000
...with SPSR 0x60000305
...with ELR 0xbf7ffa04
...to EL1 PC 0xbf800280 PSTATE 0x3c5
Exception return from AArch64 EL1 to AArch64 EL1 PC 0xbf7ffa04
Taking exception 5 [IRQ] on CPU 0
...from EL1 to EL1
...with ESR 0x0/0x3800000
...with SPSR 0x60000305
...with ELR 0xbf7ffa04
...to EL1 PC 0xbf800280 PSTATE 0x3c5
Exception return from AArch64 EL1 to AArch64 EL1 PC 0xbf7ffa04
Taking exception 5 [IRQ] on CPU 0
...from EL1 to EL1
...with ESR 0x0/0x3800000
...with SPSR 0x60000305
...with ELR 0xbf7ffa04
...to EL1 PC 0xbf800280 PSTATE 0x3c5
Exception return from AArch64 EL1 to AArch64 EL1 PC 0xbf7ffa04
Taking exception 5 [IRQ] on CPU 0
...from EL1 to EL1
...with ESR 0x0/0x3800000
...with SPSR 0x60000305
...with ELR 0xbf7ffa04
...to EL1 PC 0xbf800280 PSTATE 0x3c5
Exception return from AArch64 EL1 to AArch64 EL1 PC 0xbf7ffa04
Taking exception 5 [IRQ] on CPU 0
...from EL1 to EL1
...with ESR 0x0/0x3800000
...with SPSR 0x60000305
...with ELR 0xbf7ffa04
...to EL1 PC 0xbf800280 PSTATE 0x3c5
Exception return from AArch64 EL1 to AArch64 EL1 PC 0xbf7ffa04
Taking exception 5 [IRQ] on CPU 0
...from EL1 to EL1
...with ESR 0x0/0x3800000
...with SPSR 0x60000305
...with ELR 0xbf7ffa04
...to EL1 PC 0xbf800280 PSTATE 0x3c5
Exception return from AArch64 EL1 to AArch64 EL1 PC 0xbf7ffa04
Taking exception 5 [IRQ] on CPU 0
...from EL1 to EL1
...with ESR 0x0/0x3800000
...with SPSR 0x60000305
...with ELR 0xbf7ffa04
...to EL1 PC 0xbf800280 PSTATE 0x3c5
Exception return from AArch64 EL1 to AArch64 EL1 PC 0xbf7ffa04
Taking exception 5 [IRQ] on CPU 0
...from EL1 to EL1
...with ESR 0x0/0x3800000
...with SPSR 0x60000305
...with ELR 0xbf7ffa04
...to EL1 PC 0xbf800280 PSTATE 0x3c5
Exception return from AArch64 EL1 to AArch64 EL1 PC 0xbf7ffa04
Taking exception 5 [IRQ] on CPU 0
...from EL1 to EL1
...with ESR 0x0/0x3800000
...with SPSR 0x60000305
...with ELR 0xbf7ffa04
...to EL1 PC 0xbf800280 PSTATE 0x3c5
Exception return from AArch64 EL1 to AArch64 EL1 PC 0xbf7ffa04
Taking exception 5 [IRQ] on CPU 0
...from EL1 to EL1
...with ESR 0x0/0x3800000
...with SPSR 0x60000305
...with ELR 0xbf7ffa04
...to EL1 PC 0xbf800280 PSTATE 0x3c5
Exception return from AArch64 EL1 to AArch64 EL1 PC 0xbf7ffa04
Taking exception 5 [IRQ] on CPU 0
...from EL1 to EL1
...with ESR 0x0/0x3800000
...with SPSR 0x60000305
...with ELR 0xbf7ffa04
...to EL1 PC 0xbf800280 PSTATE 0x3c5
Exception return from AArch64 EL1 to AArch64 EL1 PC 0xbf7ffa04
Taking exception 5 [IRQ] on CPU 0
...from EL1 to EL1
...with ESR 0x0/0x3800000
...with SPSR 0x60000305
...with ELR 0xbf7ffa04
...to EL1 PC 0xbf800280 PSTATE 0x3c5
Exception return from AArch64 EL1 to AArch64 EL1 PC 0xbf7ffa04
Taking exception 5 [IRQ] on CPU 0
...from EL1 to EL1
...with ESR 0x0/0x3800000
...with SPSR 0x60000305
...with ELR 0xbf7ffa04
...to EL1 PC 0xbf800280 PSTATE 0x3c5
Exception return from AArch64 EL1 to AArch64 EL1 PC 0xbf7ffa04
Taking exception 5 [IRQ] on CPU 0
...from EL1 to EL1
...with ESR 0x0/0x3800000
...with SPSR 0x60000305
...with ELR 0xbf7ffa04
...to EL1 PC 0xbf800280 PSTATE 0x3c5
Exception return from AArch64 EL1 to AArch64 EL1 PC 0xbf7ffa04
Taking exception 5 [IRQ] on CPU 0
...from EL1 to EL1
...with ESR 0x0/0x3800000
...with SPSR 0x60000305
...with ELR 0xbf7ffa04
...to EL1 PC 0xbf800280 PSTATE 0x3c5
Exception return from AArch64 EL1 to AArch64 EL1 PC 0xbf7ffa04
Taking exception 5 [IRQ] on CPU 0
...from EL1 to EL1
...with ESR 0x0/0x3800000
...with SPSR 0x60000305
...with ELR 0xbf7ffa04
...to EL1 PC 0xbf800280 PSTATE 0x3c5
Exception return from AArch64 EL1 to AArch64 EL1 PC 0xbf7ffa04
Taking exception 5 [IRQ] on CPU 0
...from EL1 to EL1
...with ESR 0x0/0x3800000
...with SPSR 0x60000305
...with ELR 0xbf7ffa04
...to EL1 PC 0xbf800280 PSTATE 0x3c5
Exception return from AArch64 EL1 to AArch64 EL1 PC 0xbf7ffa04
Taking exception 5 [IRQ] on CPU 0
...from EL1 to EL1
...with ESR 0x0/0x3800000
...with SPSR 0x60000305
...with ELR 0xbf7ffa04
...to EL1 PC 0xbf800280 PSTATE 0x3c5
Exception return from AArch64 EL1 to AArch64 EL1 PC 0xbf7ffa04
Taking exception 5 [IRQ] on CPU 0
...from EL1 to EL1
...with ESR 0x0/0x3800000
...with SPSR 0x60000305
...with ELR 0xbf7ffa04
...to EL1 PC 0xbf800280 PSTATE 0x3c5
Exception return from AArch64 EL1 to AArch64 EL1 PC 0xbf7ffa04
Taking exception 5 [IRQ] on CPU 0
...from EL1 to EL1
...with ESR 0x0/0x3800000
...with SPSR 0x60000305
...with ELR 0xbf7ffa04
...to EL1 PC 0xbf800280 PSTATE 0x3c5
Exception return from AArch64 EL1 to AArch64 EL1 PC 0xbf7ffa04
Taking exception 5 [IRQ] on CPU 0
...from EL1 to EL1
...with ESR 0x0/0x3800000
...with SPSR 0x60000305
...with ELR 0xbf7ffa04
...to EL1 PC 0xbf800280 PSTATE 0x3c5
Exception return from AArch64 EL1 to AArch64 EL1 PC 0xbf7ffa04
Taking exception 5 [IRQ] on CPU 0
...from EL1 to EL1
...with ESR 0x0/0x3800000
...with SPSR 0x60000305
...with ELR 0xbf7ffa04
...to EL1 PC 0xbf800280 PSTATE 0x3c5
Exception return from AArch64 EL1 to AArch64 EL1 PC 0xbf7ffa04
Taking exception 5 [IRQ] on CPU 0
...from EL1 to EL1
...with ESR 0x0/0x3800000
...with SPSR 0x60000305
...with ELR 0xbf7ffa04
...to EL1 PC 0xbf800280 PSTATE 0x3c5
Exception return from AArch64 EL1 to AArch64 EL1 PC 0xbf7ffa04
Taking exception 5 [IRQ] on CPU 0
...from EL1 to EL1
...with ESR 0x0/0x3800000
...with SPSR 0x60000305
...with ELR 0xbf7ffa04
...to EL1 PC 0xbf800280 PSTATE 0x3c5
Exception return from AArch64 EL1 to AArch64 EL1 PC 0xbf7ffa04
Taking exception 5 [IRQ] on CPU 0
...from EL1 to EL1
...with ESR 0x0/0x3800000
...with SPSR 0x60000305
...with ELR 0xbf7ffa04
...to EL1 PC 0xbf800280 PSTATE 0x3c5
Exception return from AArch64 EL1 to AArch64 EL1 PC 0xbf7ffa04
Taking exception 5 [IRQ] on CPU 0
...from EL1 to EL1
...with ESR 0x0/0x3800000
...with SPSR 0x60000305
...with ELR 0xbf7ffa04
...to EL1 PC 0xbf800280 PSTATE 0x3c5
Exception return from AArch64 EL1 to AArch64 EL1 PC 0xbf7ffa04
Taking exception 5 [IRQ] on CPU 0
...from EL1 to EL1
...with ESR 0x0/0x3800000
...with SPSR 0x60000305
...with ELR 0xbf7ffa04
...to EL1 PC 0xbf800280 PSTATE 0x3c5
Exception return from AArch64 EL1 to AArch64 EL1 PC 0xbf7ffa04
Taking exception 5 [IRQ] on CPU 0
...from EL1 to EL1
...with ESR 0x0/0x3800000
...with SPSR 0x60000305
...with ELR 0xbf7ffa04
...to EL1 PC 0xbf800280 PSTATE 0x3c5
Exception return from AArch64 EL1 to AArch64 EL1 PC 0xbf7ffa04
Taking exception 5 [IRQ] on CPU 0
...from EL1 to EL1
...with ESR 0x0/0x3800000
...with SPSR 0x60000305
...with ELR 0xbf7ffa04
...to EL1 PC 0xbf800280 PSTATE 0x3c5
Exception return from AArch64 EL1 to AArch64 EL1 PC 0xbf7ffa04
Taking exception 5 [IRQ] on CPU 0
...from EL1 to EL1
...with ESR 0x0/0x3800000
...with SPSR 0x60000305
...with ELR 0xbf7ffa04
...to EL1 PC 0xbf800280 PSTATE 0x3c5
Exception return from AArch64 EL1 to AArch64 EL1 PC 0xbf7ffa04
Taking exception 5 [IRQ] on CPU 0
...from EL1 to EL1
...with ESR 0x0/0x3800000
...with SPSR 0x60000305
...with ELR 0xbf7ffa04
...to EL1 PC 0xbf800280 PSTATE 0x3c5
Exception return from AArch64 EL1 to AArch64 EL1 PC 0xbf7ffa04
Taking exception 5 [IRQ] on CPU 0
...from EL1 to EL1
...with ESR 0x0/0x3800000
...with SPSR 0x60000305
...with ELR 0xbf7ffa04
...to EL1 PC 0xbf800280 PSTATE 0x3c5
Exception return from AArch64 EL1 to AArch64 EL1 PC 0xbf7ffa04
Taking exception 5 [IRQ] on CPU 0
...from EL1 to EL1
...with ESR 0x0/0x3800000
...with SPSR 0x60000305
...with ELR 0xbf7ffa04
...to EL1 PC 0xbf800280 PSTATE 0x3c5
Exception return from AArch64 EL1 to AArch64 EL1 PC 0xbf7ffa04
Taking exception 5 [IRQ] on CPU 0
...from EL1 to EL1
...with ESR 0x0/0x3800000
...with SPSR 0x60000305
...with ELR 0xbf7ffa04
...to EL1 PC 0xbf800280 PSTATE 0x3c5
Exception return from AArch64 EL1 to AArch64 EL1 PC 0xbf7ffa04
Taking exception 5 [IRQ] on CPU 0
...from EL1 to EL1
...with ESR 0x0/0x3800000
...with SPSR 0x60000305
...with ELR 0xbf7ffa04
...to EL1 PC 0xbf800280 PSTATE 0x3c5
Exception return from AArch64 EL1 to AArch64 EL1 PC 0xbf7ffa04
Taking exception 5 [IRQ] on CPU 0
...from EL1 to EL1
...with ESR 0x0/0x3800000
...with SPSR 0x60000305
...with ELR 0xbf7ffa04
...to EL1 PC 0xbf800280 PSTATE 0x3c5
Exception return from AArch64 EL1 to AArch64 EL1 PC 0xbf7ffa04
Taking exception 5 [IRQ] on CPU 0
...from EL1 to EL1
...with ESR 0x0/0x3800000
...with SPSR 0x60000305
...with ELR 0xbf7ffa04
...to EL1 PC 0xbf800280 PSTATE 0x3c5
Exception return from AArch64 EL1 to AArch64 EL1 PC 0xbf7ffa04
Taking exception 5 [IRQ] on CPU 0
...from EL1 to EL1
...with ESR 0x0/0x3800000
...with SPSR 0x60000305
...with ELR 0xbf7ffa04
...to EL1 PC 0xbf800280 PSTATE 0x3c5
Exception return from AArch64 EL1 to AArch64 EL1 PC 0xbf7ffa04
Taking exception 5 [IRQ] on CPU 0
...from EL1 to EL1
...with ESR 0x0/0x3800000
...with SPSR 0x60000305
...with ELR 0xbf7ffa04
...to EL1 PC 0xbf800280 PSTATE 0x3c5
Exception return from AArch64 EL1 to AArch64 EL1 PC 0xbf7ffa04
Taking exception 5 [IRQ] on CPU 0
...from EL1 to EL1
...with ESR 0x0/0x3800000
...with SPSR 0x60000305
...with ELR 0xbf7ffa04
...to EL1 PC 0xbf800280 PSTATE 0x3c5
Exception return from AArch64 EL1 to AArch64 EL1 PC 0xbf7ffa04
Taking exception 5 [IRQ] on CPU 0
...from EL1 to EL1
...with ESR 0x0/0x3800000
...with SPSR 0x60000305
...with ELR 0xbf7ffa04
...to EL1 PC 0xbf800280 PSTATE 0x3c5
Exception return from AArch64 EL1 to AArch64 EL1 PC 0xbf7ffa04
Taking exception 5 [IRQ] on CPU 0
...from EL1 to EL1
...with ESR 0x0/0x3800000
...with SPSR 0x60000305
...with ELR 0xbf7ffa04
...to EL1 PC 0xbf800280 PSTATE 0x3c5
Exception return from AArch64 EL1 to AArch64 EL1 PC 0xbf7ffa04
Taking exception 5 [IRQ] on CPU 0
...from EL1 to EL1
...with ESR 0x0/0x3800000
...with SPSR 0x60000305
...with ELR 0xbf7ffa04
...to EL1 PC 0xbf800280 PSTATE 0x3c5
Exception return from AArch64 EL1 to AArch64 EL1 PC 0xbf7ffa04
Taking exception 5 [IRQ] on CPU 0
...from EL1 to EL1
...with ESR 0x0/0x3800000
...with SPSR 0x60000305
...with ELR 0xbf7ffa04
...to EL1 PC 0xbf800280 PSTATE 0x3c5
Exception return from AArch64 EL1 to AArch64 EL1 PC 0xbf7ffa04
Taking exception 5 [IRQ] on CPU 0
...from EL1 to EL1
...with ESR 0x0/0x3800000
...with SPSR 0x60000305
...with ELR 0xbf7ffa04
...to EL1 PC 0xbf800280 PSTATE 0x3c5
Exception return from AArch64 EL1 to AArch64 EL1 PC 0xbf7ffa04
Taking exception 5 [IRQ] on CPU 0
...from EL1 to EL1
...with ESR 0x0/0x3800000
...with SPSR 0x60000305
...with ELR 0xbf7ffa04
...to EL1 PC 0xbf800280 PSTATE 0x3c5
Exception return from AArch64 EL1 to AArch64 EL1 PC 0xbf7ffa04
Taking exception 5 [IRQ] on CPU 0
...from EL1 to EL1
...with ESR 0x0/0x3800000
...with SPSR 0x60000305
...with ELR 0xbf7ffa04
...to EL1 PC 0xbf800280 PSTATE 0x3c5
Exception return from AArch64 EL1 to AArch64 EL1 PC 0xbf7ffa04
Taking exception 5 [IRQ] on CPU 0
...from EL1 to EL1
...with ESR 0x0/0x3800000
...with SPSR 0x60000305
...with ELR 0xbf7ffa04
...to EL1 PC 0xbf800280 PSTATE 0x3c5
Exception return from AArch64 EL1 to AArch64 EL1 PC 0xbf7ffa04
Taking exception 5 [IRQ] on CPU 0
...from EL1 to EL1
...with ESR 0x0/0x3800000
...with SPSR 0x60000305
...with ELR 0xbf7ffa04
...to EL1 PC 0xbf800280 PSTATE 0x3c5
Exception return from AArch64 EL1 to AArch64 EL1 PC 0xbf7ffa04
Taking exception 5 [IRQ] on CPU 0
...from EL1 to EL1
...with ESR 0x0/0x3800000
...with SPSR 0x60000305
...with ELR 0xbf7ffa04
...to EL1 PC 0xbf800280 PSTATE 0x3c5
Exception return from AArch64 EL1 to AArch64 EL1 PC 0xbf7ffa04
Taking exception 5 [IRQ] on CPU 0
...from EL1 to EL1
...with ESR 0x0/0x3800000
...with SPSR 0x60000305
...with ELR 0xbf7ffa04
...to EL1 PC 0xbf800280 PSTATE 0x3c5
Exception return from AArch64 EL1 to AArch64 EL1 PC 0xbf7ffa04
Taking exception 5 [IRQ] on CPU 0
...from EL1 to EL1
...with ESR 0x0/0x3800000
...with SPSR 0x60000305
...with ELR 0xbf7ffa04
...to EL1 PC 0xbf800280 PSTATE 0x3c5
Exception return from AArch64 EL1 to AArch64 EL1 PC 0xbf7ffa04
Taking exception 5 [IRQ] on CPU 0
...from EL1 to EL1
...with ESR 0x0/0x3800000
...with SPSR 0x60000305
...with ELR 0xbf7ffa04
...to EL1 PC 0xbf800280 PSTATE 0x3c5
Exception return from AArch64 EL1 to AArch64 EL1 PC 0xbf7ffa04
Taking exception 5 [IRQ] on CPU 0
...from EL1 to EL1
...with ESR 0x0/0x3800000
...with SPSR 0x60000305
...with ELR 0xbf7ffa04
...to EL1 PC 0xbf800280 PSTATE 0x3c5
Exception return from AArch64 EL1 to AArch64 EL1 PC 0xbf7ffa04
Taking exception 5 [IRQ] on CPU 0
...from EL1 to EL1
...with ESR 0x0/0x3800000
...with SPSR 0x60000305
...with ELR 0xbf7ffa04
...to EL1 PC 0xbf800280 PSTATE 0x3c5
Exception return from AArch64 EL1 to AArch64 EL1 PC 0xbf7ffa04
Taking exception 5 [IRQ] on CPU 0
...from EL1 to EL1
...with ESR 0x0/0x3800000
...with SPSR 0x60000305
...with ELR 0xbf7ffa04
...to EL1 PC 0xbf800280 PSTATE 0x3c5
Exception return from AArch64 EL1 to AArch64 EL1 PC 0xbf7ffa04
Taking exception 5 [IRQ] on CPU 0
...from EL1 to EL1
...with ESR 0x0/0x3800000
...with SPSR 0x60000305
...with ELR 0xbf7ffa04
...to EL1 PC 0xbf800280 PSTATE 0x3c5
Exception return from AArch64 EL1 to AArch64 EL1 PC 0xbf7ffa04
Taking exception 5 [IRQ] on CPU 0
...from EL1 to EL1
...with ESR 0x0/0x3800000
...with SPSR 0x60000305
...with ELR 0xbf7ffa04
...to EL1 PC 0xbf800280 PSTATE 0x3c5
Exception return from AArch64 EL1 to AArch64 EL1 PC 0xbf7ffa04
Taking exception 5 [IRQ] on CPU 0
...from EL1 to EL1
...with ESR 0x0/0x3800000
...with SPSR 0x60000305
...with ELR 0xbf7ffa04
...to EL1 PC 0xbf800280 PSTATE 0x3c5
Exception return from AArch64 EL1 to AArch64 EL1 PC 0xbf7ffa04
Taking exception 5 [IRQ] on CPU 0
...from EL1 to EL1
...with ESR 0x0/0x3800000
...with SPSR 0x60000305
...with ELR 0xbf7ffa04
...to EL1 PC 0xbf800280 PSTATE 0x3c5
Exception return from AArch64 EL1 to AArch64 EL1 PC 0xbf7ffa04
Taking exception 5 [IRQ] on CPU 0
...from EL1 to EL1
...with ESR 0x0/0x3800000
...with SPSR 0x60000305
...with ELR 0xbf7ffa04
...to EL1 PC 0xbf800280 PSTATE 0x3c5
Exception return from AArch64 EL1 to AArch64 EL1 PC 0xbf7ffa04
Taking exception 5 [IRQ] on CPU 0
...from EL1 to EL1
...with ESR 0x0/0x3800000
...with SPSR 0x60000305
...with ELR 0xbf7ffa04
...to EL1 PC 0xbf800280 PSTATE 0x3c5
Exception return from AArch64 EL1 to AArch64 EL1 PC 0xbf7ffa04
Taking exception 5 [IRQ] on CPU 0
...from EL1 to EL1
...with ESR 0x0/0x3800000
...with SPSR 0x60000305
...with ELR 0xbf7ffa04
...to EL1 PC 0xbf800280 PSTATE 0x3c5
Exception return from AArch64 EL1 to AArch64 EL1 PC 0xbf7ffa04
Taking exception 5 [IRQ] on CPU 0
...from EL1 to EL1
...with ESR 0x0/0x3800000
...with SPSR 0x60000305
...with ELR 0xbf7ffa04
...to EL1 PC 0xbf800280 PSTATE 0x3c5
Exception return from AArch64 EL1 to AArch64 EL1 PC 0xbf7ffa04
Taking exception 5 [IRQ] on CPU 0
...from EL1 to EL1
...with ESR 0x0/0x3800000
...with SPSR 0x60000305
...with ELR 0xbf7ffa04
...to EL1 PC 0xbf800280 PSTATE 0x3c5
Exception return from AArch64 EL1 to AArch64 EL1 PC 0xbf7ffa04
Taking exception 5 [IRQ] on CPU 0
...from EL1 to EL1
...with ESR 0x0/0x3800000
...with SPSR 0x60000305
...with ELR 0xbf7ffa04
...to EL1 PC 0xbf800280 PSTATE 0x3c5
Exception return from AArch64 EL1 to AArch64 EL1 PC 0xbf7ffa04
Taking exception 5 [IRQ] on CPU 0
...from EL1 to EL1
...with ESR 0x0/0x3800000
...with SPSR 0x60000305
...with ELR 0xbf7ffa04
...to EL1 PC 0xbf800280 PSTATE 0x3c5
Exception return from AArch64 EL1 to AArch64 EL1 PC 0xbf7ffa04
Taking exception 5 [IRQ] on CPU 0
...from EL1 to EL1
...with ESR 0x0/0x3800000
...with SPSR 0x60000305
...with ELR 0xbf7ffa04
...to EL1 PC 0xbf800280 PSTATE 0x3c5
Exception return from AArch64 EL1 to AArch64 EL1 PC 0xbf7ffa04
Taking exception 5 [IRQ] on CPU 0
...from EL1 to EL1
...with ESR 0x0/0x3800000
...with SPSR 0x60000305
...with ELR 0xbf7ffa04
...to EL1 PC 0xbf800280 PSTATE 0x3c5
Exception return from AArch64 EL1 to AArch64 EL1 PC 0xbf7ffa04
Taking exception 5 [IRQ] on CPU 0
...from EL1 to EL1
...with ESR 0x0/0x3800000
...with SPSR 0x60000305
...with ELR 0xbf7ffa04
...to EL1 PC 0xbf800280 PSTATE 0x3c5
Exception return from AArch64 EL1 to AArch64 EL1 PC 0xbf7ffa04
Taking exception 5 [IRQ] on CPU 0
...from EL1 to EL1
...with ESR 0x0/0x3800000
...with SPSR 0x60000305
...with ELR 0xbf7ffa04
...to EL1 PC 0xbf800280 PSTATE 0x3c5
Exception return from AArch64 EL1 to AArch64 EL1 PC 0xbf7ffa04
Taking exception 5 [IRQ] on CPU 0
...from EL1 to EL1
...with ESR 0x0/0x3800000
...with SPSR 0x60000305
...with ELR 0xbf7ffa04
...to EL1 PC 0xbf800280 PSTATE 0x3c5
Exception return from AArch64 EL1 to AArch64 EL1 PC 0xbf7ffa04
Taking exception 5 [IRQ] on CPU 0
...from EL1 to EL1
...with ESR 0x0/0x3800000
...with SPSR 0x60000305
...with ELR 0xbf7ffa04
...to EL1 PC 0xbf800280 PSTATE 0x3c5
Exception return from AArch64 EL1 to AArch64 EL1 PC 0xbf7ffa04
Taking exception 5 [IRQ] on CPU 0
...from EL1 to EL1
...with ESR 0x0/0x3800000
...with SPSR 0x60000305
...with ELR 0xbf7ffa04
...to EL1 PC 0xbf800280 PSTATE 0x3c5
Exception return from AArch64 EL1 to AArch64 EL1 PC 0xbf7ffa04
Taking exception 5 [IRQ] on CPU 0
...from EL1 to EL1
...with ESR 0x0/0x3800000
...with SPSR 0x60000305
...with ELR 0xbf7ffa04
...to EL1 PC 0xbf800280 PSTATE 0x3c5
Exception return from AArch64 EL1 to AArch64 EL1 PC 0xbf7ffa04
Taking exception 5 [IRQ] on CPU 0
...from EL1 to EL1
...with ESR 0x0/0x3800000
...with SPSR 0x60000305
...with ELR 0xbf7ffa04
...to EL1 PC 0xbf800280 PSTATE 0x3c5
Exception return from AArch64 EL1 to AArch64 EL1 PC 0xbf7ffa04
Taking exception 5 [IRQ] on CPU 0
...from EL1 to EL1
...with ESR 0x0/0x3800000
...with SPSR 0x60000305
...with ELR 0xbf7ffa04
...to EL1 PC 0xbf800280 PSTATE 0x3c5
Exception return from AArch64 EL1 to AArch64 EL1 PC 0xbf7ffa04
Taking exception 5 [IRQ] on CPU 0
...from EL1 to EL1
...with ESR 0x0/0x3800000
...with SPSR 0x60000305
...with ELR 0xbf7ffa04
...to EL1 PC 0xbf800280 PSTATE 0x3c5
Exception return from AArch64 EL1 to AArch64 EL1 PC 0xbf7ffa04
Taking exception 5 [IRQ] on CPU 0
...from EL1 to EL1
...with ESR 0x0/0x3800000
...with SPSR 0x60000305
...with ELR 0xbf7ffa04
...to EL1 PC 0xbf800280 PSTATE 0x3c5
Exception return from AArch64 EL1 to AArch64 EL1 PC 0xbf7ffa04
Taking exception 5 [IRQ] on CPU 0
...from EL1 to EL1
...with ESR 0x0/0x3800000
...with SPSR 0x60000305
...with ELR 0xbf7ffa04
...to EL1 PC 0xbf800280 PSTATE 0x3c5
Exception return from AArch64 EL1 to AArch64 EL1 PC 0xbf7ffa04
Taking exception 5 [IRQ] on CPU 0
...from EL1 to EL1
...with ESR 0x0/0x3800000
...with SPSR 0x60000305
...with ELR 0xbf7ffa04
...to EL1 PC 0xbf800280 PSTATE 0x3c5
Exception return from AArch64 EL1 to AArch64 EL1 PC 0xbf7ffa04
Taking exception 5 [IRQ] on CPU 0
...from EL1 to EL1
...with ESR 0x0/0x3800000
...with SPSR 0x60000305
...with ELR 0xbf7ffa04
...to EL1 PC 0xbf800280 PSTATE 0x3c5
Exception return from AArch64 EL1 to AArch64 EL1 PC 0xbf7ffa04
Taking exception 5 [IRQ] on CPU 0
...from EL1 to EL1
...with ESR 0x0/0x3800000
...with SPSR 0x60000305
...with ELR 0xbf7ffa04
...to EL1 PC 0xbf800280 PSTATE 0x3c5
Exception return from AArch64 EL1 to AArch64 EL1 PC 0xbf7ffa04
Taking exception 5 [IRQ] on CPU 0
...from EL1 to EL1
...with ESR 0x0/0x3800000
...with SPSR 0x60000305
...with ELR 0xbf7ffa04
...to EL1 PC 0xbf800280 PSTATE 0x3c5
Exception return from AArch64 EL1 to AArch64 EL1 PC 0xbf7ffa04
Taking exception 5 [IRQ] on CPU 0
...from EL1 to EL1
...with ESR 0x0/0x3800000
...with SPSR 0x60000305
...with ELR 0xbf7ffa04
...to EL1 PC 0xbf800280 PSTATE 0x3c5
Exception return from AArch64 EL1 to AArch64 EL1 PC 0xbf7ffa04
Taking exception 5 [IRQ] on CPU 0
...from EL1 to EL1
...with ESR 0x0/0x3800000
...with SPSR 0x60000305
...with ELR 0xbf7ffa04
...to EL1 PC 0xbf800280 PSTATE 0x3c5
Exception return from AArch64 EL1 to AArch64 EL1 PC 0xbf7ffa04
Taking exception 5 [IRQ] on CPU 0
...from EL1 to EL1
...with ESR 0x0/0x3800000
...with SPSR 0x60000305
...with ELR 0xbf7ffa04
...to EL1 PC 0xbf800280 PSTATE 0x3c5
Exception return from AArch64 EL1 to AArch64 EL1 PC 0xbf7ffa04
Taking exception 5 [IRQ] on CPU 0
...from EL1 to EL1
...with ESR 0x0/0x3800000
...with SPSR 0x60000305
...with ELR 0xbf7ffa04
...to EL1 PC 0xbf800280 PSTATE 0x3c5
Exception return from AArch64 EL1 to AArch64 EL1 PC 0xbf7ffa04
Taking exception 5 [IRQ] on CPU 0
...from EL1 to EL1
...with ESR 0x0/0x3800000
...with SPSR 0x60000305
...with ELR 0xbf7ffa04
...to EL1 PC 0xbf800280 PSTATE 0x3c5
Exception return from AArch64 EL1 to AArch64 EL1 PC 0xbf7ffa04
Taking exception 5 [IRQ] on CPU 0
...from EL1 to EL1
...with ESR 0x0/0x3800000
...with SPSR 0x60000305
...with ELR 0xbf7ffa04
...to EL1 PC 0xbf800280 PSTATE 0x3c5
Exception return from AArch64 EL1 to AArch64 EL1 PC 0xbf7ffa04
Taking exception 5 [IRQ] on CPU 0
...from EL1 to EL1
...with ESR 0x0/0x3800000
...with SPSR 0x60000305
...with ELR 0xbf7ffa04
...to EL1 PC 0xbf800280 PSTATE 0x3c5
Exception return from AArch64 EL1 to AArch64 EL1 PC 0xbf7ffa04
Taking exception 5 [IRQ] on CPU 0
...from EL1 to EL1
...with ESR 0x0/0x3800000
...with SPSR 0x60000305
...with ELR 0xbf7ffa04
...to EL1 PC 0xbf800280 PSTATE 0x3c5
Exception return from AArch64 EL1 to AArch64 EL1 PC 0xbf7ffa04
Taking exception 5 [IRQ] on CPU 0
...from EL1 to EL1
...with ESR 0x0/0x3800000
...with SPSR 0x60000305
...with ELR 0xbf7ffa04
...to EL1 PC 0xbf800280 PSTATE 0x3c5
Exception return from AArch64 EL1 to AArch64 EL1 PC 0xbf7ffa04
Taking exception 5 [IRQ] on CPU 0
...from EL1 to EL1
...with ESR 0x0/0x3800000
...with SPSR 0x60000305
...with ELR 0xbf7ffa04
...to EL1 PC 0xbf800280 PSTATE 0x3c5
Exception return from AArch64 EL1 to AArch64 EL1 PC 0xbf7ffa04
Taking exception 5 [IRQ] on CPU 0
...from EL1 to EL1
...with ESR 0x0/0x3800000
...with SPSR 0x60000305
...with ELR 0xbf7ffa04
...to EL1 PC 0xbf800280 PSTATE 0x3c5
Exception return from AArch64 EL1 to AArch64 EL1 PC 0xbf7ffa04
Taking exception 5 [IRQ] on CPU 0
...from EL1 to EL1
...with ESR 0x0/0x3800000
...with SPSR 0x60000305
...with ELR 0xbf7ffa04
...to EL1 PC 0xbf800280 PSTATE 0x3c5
Exception return from AArch64 EL1 to AArch64 EL1 PC 0xbf7ffa04
Taking exception 5 [IRQ] on CPU 0
...from EL1 to EL1
...with ESR 0x0/0x3800000
...with SPSR 0x60000305
...with ELR 0xbf7ffa04
...to EL1 PC 0xbf800280 PSTATE 0x3c5
Exception return from AArch64 EL1 to AArch64 EL1 PC 0xbf7ffa04
Taking exception 5 [IRQ] on CPU 0
...from EL1 to EL1
...with ESR 0x0/0x3800000
...with SPSR 0x60000305
...with ELR 0xbf7ffa04
...to EL1 PC 0xbf800280 PSTATE 0x3c5
Exception return from AArch64 EL1 to AArch64 EL1 PC 0xbf7ffa04
Taking exception 5 [IRQ] on CPU 0
...from EL1 to EL1
...with ESR 0x0/0x3800000
...with SPSR 0x60000305
...with ELR 0xbf7ffa04
...to EL1 PC 0xbf800280 PSTATE 0x3c5
Exception return from AArch64 EL1 to AArch64 EL1 PC 0xbf7ffa04
Taking exception 5 [IRQ] on CPU 0
...from EL1 to EL1
...with ESR 0x0/0x3800000
...with SPSR 0x60000305
...with ELR 0xbf7ffa04
...to EL1 PC 0xbf800280 PSTATE 0x3c5
Exception return from AArch64 EL1 to AArch64 EL1 PC 0xbf7ffa04
Taking exception 5 [IRQ] on CPU 0
...from EL1 to EL1
...with ESR 0x0/0x3800000
...with SPSR 0x60000305
...with ELR 0xbf7ffa04
...to EL1 PC 0xbf800280 PSTATE 0x3c5
Exception return from AArch64 EL1 to AArch64 EL1 PC 0xbf7ffa04
Taking exception 5 [IRQ] on CPU 0
...from EL1 to EL1
...with ESR 0x0/0x3800000
...with SPSR 0x60000305
...with ELR 0xbf7ffa04
...to EL1 PC 0xbf800280 PSTATE 0x3c5
Exception return from AArch64 EL1 to AArch64 EL1 PC 0xbf7ffa04
Taking exception 5 [IRQ] on CPU 0
...from EL1 to EL1
...with ESR 0x0/0x3800000
...with SPSR 0x60000305
...with ELR 0xbf7ffa04
...to EL1 PC 0xbf800280 PSTATE 0x3c5
Exception return from AArch64 EL1 to AArch64 EL1 PC 0xbf7ffa04
Taking exception 5 [IRQ] on CPU 0
...from EL1 to EL1
...with ESR 0x0/0x3800000
...with SPSR 0x60000305
...with ELR 0xbf7ffa04
...to EL1 PC 0xbf800280 PSTATE 0x3c5
Exception return from AArch64 EL1 to AArch64 EL1 PC 0xbf7ffa04
Taking exception 5 [IRQ] on CPU 0
...from EL1 to EL1
...with ESR 0x0/0x3800000
...with SPSR 0x60000305
...with ELR 0xbf7ffa04
...to EL1 PC 0xbf800280 PSTATE 0x3c5
Exception return from AArch64 EL1 to AArch64 EL1 PC 0xbf7ffa04
Taking exception 5 [IRQ] on CPU 0
...from EL1 to EL1
...with ESR 0x0/0x3800000
...with SPSR 0x60000305
...with ELR 0xbf7ffa04
...to EL1 PC 0xbf800280 PSTATE 0x3c5
Exception return from AArch64 EL1 to AArch64 EL1 PC 0xbf7ffa04
Taking exception 5 [IRQ] on CPU 0
...from EL1 to EL1
...with ESR 0x0/0x3800000
...with SPSR 0x60000305
...with ELR 0xbf7ffa04
...to EL1 PC 0xbf800280 PSTATE 0x3c5
Exception return from AArch64 EL1 to AArch64 EL1 PC 0xbf7ffa04
Taking exception 5 [IRQ] on CPU 0
...from EL1 to EL1
...with ESR 0x0/0x3800000
...with SPSR 0x60000305
...with ELR 0xbf7ffa04
...to EL1 PC 0xbf800280 PSTATE 0x3c5
Exception return from AArch64 EL1 to AArch64 EL1 PC 0xbf7ffa04
Taking exception 5 [IRQ] on CPU 0
...from EL1 to EL1
...with ESR 0x0/0x3800000
...with SPSR 0x60000305
...with ELR 0xbf7ffa04
...to EL1 PC 0xbf800280 PSTATE 0x3c5
Exception return from AArch64 EL1 to AArch64 EL1 PC 0xbf7ffa04
Taking exception 5 [IRQ] on CPU 0
...from EL1 to EL1
...with ESR 0x0/0x3800000
...with SPSR 0x60000305
...with ELR 0xbf7ffa04
...to EL1 PC 0xbf800280 PSTATE 0x3c5
Exception return from AArch64 EL1 to AArch64 EL1 PC 0xbf7ffa04
Taking exception 5 [IRQ] on CPU 0
...from EL1 to EL1
...with ESR 0x0/0x3800000
...with SPSR 0x60000305
...with ELR 0xbf7ffa04
...to EL1 PC 0xbf800280 PSTATE 0x3c5
Exception return from AArch64 EL1 to AArch64 EL1 PC 0xbf7ffa04
Taking exception 5 [IRQ] on CPU 0
...from EL1 to EL1
...with ESR 0x0/0x3800000
...with SPSR 0x60000305
...with ELR 0xbf7ffa04
...to EL1 PC 0xbf800280 PSTATE 0x3c5
Exception return from AArch64 EL1 to AArch64 EL1 PC 0xbf7ffa04
Taking exception 5 [IRQ] on CPU 0
...from EL1 to EL1
...with ESR 0x0/0x3800000
...with SPSR 0x60000305
...with ELR 0xbf7ffa04
...to EL1 PC 0xbf800280 PSTATE 0x3c5
Exception return from AArch64 EL1 to AArch64 EL1 PC 0xbf7ffa04
Taking exception 5 [IRQ] on CPU 0
...from EL1 to EL1
...with ESR 0x0/0x3800000
...with SPSR 0x60000305
...with ELR 0xbf7ffa04
...to EL1 PC 0xbf800280 PSTATE 0x3c5
Exception return from AArch64 EL1 to AArch64 EL1 PC 0xbf7ffa04
Taking exception 5 [IRQ] on CPU 0
...from EL1 to EL1
...with ESR 0x0/0x3800000
...with SPSR 0x60000305
...with ELR 0xbf7ffa04
...to EL1 PC 0xbf800280 PSTATE 0x3c5
Exception return from AArch64 EL1 to AArch64 EL1 PC 0xbf7ffa04
Taking exception 5 [IRQ] on CPU 0
...from EL1 to EL1
...with ESR 0x0/0x3800000
...with SPSR 0x60000305
...with ELR 0xbf7ffa04
...to EL1 PC 0xbf800280 PSTATE 0x3c5
Exception return from AArch64 EL1 to AArch64 EL1 PC 0xbf7ffa04
Taking exception 5 [IRQ] on CPU 0
...from EL1 to EL1
...with ESR 0x0/0x3800000
...with SPSR 0x60000305
...with ELR 0xbf7ffa04
...to EL1 PC 0xbf800280 PSTATE 0x3c5
Exception return from AArch64 EL1 to AArch64 EL1 PC 0xbf7ffa04
Taking exception 5 [IRQ] on CPU 0
...from EL1 to EL1
...with ESR 0x0/0x3800000
...with SPSR 0x60000305
...with ELR 0xbf7ffa04
...to EL1 PC 0xbf800280 PSTATE 0x3c5
Exception return from AArch64 EL1 to AArch64 EL1 PC 0xbf7ffa04
Taking exception 5 [IRQ] on CPU 0
...from EL1 to EL1
...with ESR 0x0/0x3800000
...with SPSR 0x60000305
...with ELR 0xbf7ffa04
...to EL1 PC 0xbf800280 PSTATE 0x3c5
Exception return from AArch64 EL1 to AArch64 EL1 PC 0xbf7ffa04
Taking exception 5 [IRQ] on CPU 0
...from EL1 to EL1
...with ESR 0x0/0x3800000
...with SPSR 0x60000305
...with ELR 0xbf7ffa04
...to EL1 PC 0xbf800280 PSTATE 0x3c5
Exception return from AArch64 EL1 to AArch64 EL1 PC 0xbf7ffa04
Taking exception 5 [IRQ] on CPU 0
...from EL1 to EL1
...with ESR 0x0/0x3800000
...with SPSR 0x60000305
...with ELR 0xbf7ffa04
...to EL1 PC 0xbf800280 PSTATE 0x3c5
Exception return from AArch64 EL1 to AArch64 EL1 PC 0xbf7ffa04
Taking exception 5 [IRQ] on CPU 0
...from EL1 to EL1
...with ESR 0x0/0x3800000
...with SPSR 0x60000305
...with ELR 0xbf7ffa04
...to EL1 PC 0xbf800280 PSTATE 0x3c5
Exception return from AArch64 EL1 to AArch64 EL1 PC 0xbf7ffa04
Taking exception 5 [IRQ] on CPU 0
...from EL1 to EL1
...with ESR 0x0/0x3800000
...with SPSR 0x60000305
...with ELR 0xbf7ffa04
...to EL1 PC 0xbf800280 PSTATE 0x3c5
Exception return from AArch64 EL1 to AArch64 EL1 PC 0xbf7ffa04
Taking exception 5 [IRQ] on CPU 0
...from EL1 to EL1
...with ESR 0x0/0x3800000
...with SPSR 0x60000305
...with ELR 0xbf7ffa04
...to EL1 PC 0xbf800280 PSTATE 0x3c5
Exception return from AArch64 EL1 to AArch64 EL1 PC 0xbf7ffa04
Taking exception 5 [IRQ] on CPU 0
...from EL1 to EL1
...with ESR 0x0/0x3800000
...with SPSR 0x60000305
...with ELR 0xbf7ffa04
...to EL1 PC 0xbf800280 PSTATE 0x3c5
Exception return from AArch64 EL1 to AArch64 EL1 PC 0xbf7ffa04
Taking exception 5 [IRQ] on CPU 0
...from EL1 to EL1
...with ESR 0x0/0x3800000
...with SPSR 0x60000305
...with ELR 0xbf7ffa04
...to EL1 PC 0xbf800280 PSTATE 0x3c5
Exception return from AArch64 EL1 to AArch64 EL1 PC 0xbf7ffa04
Taking exception 5 [IRQ] on CPU 0
...from EL1 to EL1
...with ESR 0x0/0x3800000
...with SPSR 0x60000305
...with ELR 0xbf7ffa04
...to EL1 PC 0xbf800280 PSTATE 0x3c5
Exception return from AArch64 EL1 to AArch64 EL1 PC 0xbf7ffa04
Taking exception 5 [IRQ] on CPU 0
...from EL1 to EL1
...with ESR 0x0/0x3800000
...with SPSR 0x60000305
...with ELR 0xbf7ffa04
...to EL1 PC 0xbf800280 PSTATE 0x3c5
Exception return from AArch64 EL1 to AArch64 EL1 PC 0xbf7ffa04
Taking exception 5 [IRQ] on CPU 0
...from EL1 to EL1
...with ESR 0x0/0x3800000
...with SPSR 0x60000305
...with ELR 0xbf7ffa04
...to EL1 PC 0xbf800280 PSTATE 0x3c5
Exception return from AArch64 EL1 to AArch64 EL1 PC 0xbf7ffa04
Taking exception 5 [IRQ] on CPU 0
...from EL1 to EL1
...with ESR 0x0/0x3800000
...with SPSR 0x60000305
...with ELR 0xbf7ffa04
...to EL1 PC 0xbf800280 PSTATE 0x3c5
Exception return from AArch64 EL1 to AArch64 EL1 PC 0xbf7ffa04
Taking exception 5 [IRQ] on CPU 0
...from EL1 to EL1
...with ESR 0x0/0x3800000
...with SPSR 0x60000305
...with ELR 0xbf7ffa04
...to EL1 PC 0xbf800280 PSTATE 0x3c5
Exception return from AArch64 EL1 to AArch64 EL1 PC 0xbf7ffa04
Taking exception 5 [IRQ] on CPU 0
...from EL1 to EL1
...with ESR 0x0/0x3800000
...with SPSR 0x60000305
...with ELR 0xbf7ffa04
...to EL1 PC 0xbf800280 PSTATE 0x3c5
Exception return from AArch64 EL1 to AArch64 EL1 PC 0xbf7ffa04
Taking exception 5 [IRQ] on CPU 0
...from EL1 to EL1
...with ESR 0x0/0x3800000
...with SPSR 0x60000305
...with ELR 0xbf7ffa04
...to EL1 PC 0xbf800280 PSTATE 0x3c5
Exception return from AArch64 EL1 to AArch64 EL1 PC 0xbf7ffa04
Taking exception 5 [IRQ] on CPU 0
...from EL1 to EL1
...with ESR 0x0/0x3800000
...with SPSR 0x60000305
...with ELR 0xbf7ffa04
...to EL1 PC 0xbf800280 PSTATE 0x3c5
Exception return from AArch64 EL1 to AArch64 EL1 PC 0xbf7ffa04
Taking exception 5 [IRQ] on CPU 0
...from EL1 to EL1
...with ESR 0x0/0x3800000
...with SPSR 0x60000305
...with ELR 0xbf7ffa04
...to EL1 PC 0xbf800280 PSTATE 0x3c5
Exception return from AArch64 EL1 to AArch64 EL1 PC 0xbf7ffa04
Taking exception 5 [IRQ] on CPU 0
...from EL1 to EL1
...with ESR 0x0/0x3810000
...with SPSR 0x60000305
...with ELR 0xbece7c68
...to EL1 PC 0xbf800280 PSTATE 0x3c5
Exception return from AArch64 EL1 to AArch64 EL1 PC 0xbece7c68
Taking exception 5 [IRQ] on CPU 0
...from EL1 to EL1
...with ESR 0x0/0x3410000
...with SPSR 0x80000305
...with ELR 0xbf80b124
...to EL1 PC 0xbf800280 PSTATE 0x3c5
Exception return from AArch64 EL1 to AArch64 EL1 PC 0xbf80b124
Taking exception 5 [IRQ] on CPU 0
...from EL1 to EL1
...with ESR 0x0/0x3410000
...with SPSR 0x20000305
...with ELR 0xbecf1a58
...to EL1 PC 0xbf800280 PSTATE 0x3c5
Exception return from AArch64 EL1 to AArch64 EL1 PC 0xbecf1a58
Taking exception 3 [Prefetch Abort] on CPU 0
...from EL1 to EL1
...with ESR 0x21/0x86000004
...with FAR 0xbed15838
...with SPSR 0x800003c4
...with ELR 0xbed15838
...to EL1 PC 0xffff0000bed16000 PSTATE 0x3c5
Exception return from AArch64 EL1 to AArch64 EL1 PC 0xffffffff80001910
